#
# A fatal error has been detected by the Java Runtime Environment:
#
#  EXCEPTION_ACCESS_VIOLATION (0xc0000005) at pc=0x00007ff8fe247b30, pid=4140, tid=11348
#
# JRE version: Java(TM) SE Runtime Environment (10.0.1+10) (build 10.0.1+10)
# Java VM: Java HotSpot(TM) 64-Bit Server VM (10.0.1+10, mixed mode, tiered, compressed oops, g1 gc, windows-amd64)
# Problematic frame:
# C  [glass.dll+0x27b30]
#
# No core dump will be written. Minidumps are not enabled by default on client versions of Windows
#
# If you would like to submit a bug report, please visit:
#   http://bugreport.java.com/bugreport/crash.jsp
#

---------------  S U M M A R Y ------------

Command Line: -ea -Dfile.encoding=Cp1250 org.eclipse.jdt.internal.junit.runner.RemoteTestRunner -version 3 -port 55643 -testLoaderClass org.eclipse.jdt.internal.junit5.runner.JUnit5TestLoader -loaderpluginname org.eclipse.jdt.junit5.runtime -classNames test.ControllerUserTest

Host: Intel(R) Core(TM) i7-4600U CPU @ 2.10GHz, 4 cores, 7G,  Windows 10 , 64 bit Build 17134 (10.0.17134.1)
Time: Sat Jun 23 19:12:50 2018 ?rodkowoeuropejski czas letni elapsed time: 5 seconds (0d 0h 0m 5s)

---------------  T H R E A D  ---------------

Current thread (0x000002187fc7b000):  VMThread "VM Thread" [stack: 0x00000029ed800000,0x00000029ed900000] [id=11348]

Stack: [0x00000029ed800000,0x00000029ed900000],  sp=0x00000029ed8ff070,  free space=1020k
Native frames: (J=compiled Java code, j=interpreted, Vv=VM code, C=native code)
C  [glass.dll+0x27b30]


siginfo: EXCEPTION_ACCESS_VIOLATION (0xc0000005), reading address 0x0000000000000000


Register to memory mapping:

RIP=0x00007ff8fe247b30 glass.dll
RAX=0x0000000000000000 is an unknown value
RBX=0x00000218103c7938 is a global jni handle
RCX=0x000002187fc7b000 is an unknown value
RDX=0x00000029ed8ff070 is an unknown value
RSP=0x00000029ed8ff070 is an unknown value
RBP=0x00000218109a8778 is an unknown value
RSI=0x00000218109a8750 is an unknown value
RDI=0x00000d9f4e4d9d9b is an unknown value
R8 =0x0000000000010002 is an unknown value
R9 =0x000000000000001b is an unknown value
R10=0x00000d9f4e4d9d9b is an unknown value
R11=0x00000029ed8fef80 is an unknown value
R12=0x0000000000000000 is an unknown value
R13=0x0000000000000040 is an unknown value
R14=0x00000029ed8ff188 is an unknown value
R15=0x00000218109a8750 is an unknown value


Registers:
RAX=0x0000000000000000, RBX=0x00000218103c7938, RCX=0x000002187fc7b000, RDX=0x00000029ed8ff070
RSP=0x00000029ed8ff070, RBP=0x00000218109a8778, RSI=0x00000218109a8750, RDI=0x00000d9f4e4d9d9b
R8 =0x0000000000010002, R9 =0x000000000000001b, R10=0x00000d9f4e4d9d9b, R11=0x00000029ed8fef80
R12=0x0000000000000000, R13=0x0000000000000040, R14=0x00000029ed8ff188, R15=0x00000218109a8750
RIP=0x00007ff8fe247b30, EFLAGS=0x0000000000010202

Top of Stack: (sp=0x00000029ed8ff070)
0x00000029ed8ff070:   0000000000000000 00007ff9164fe52b
0x00000029ed8ff080:   00000218109a8760 00000218109a8760
0x00000029ed8ff090:   fffffffffffffffe 00000218109a8778
0x00000029ed8ff0a0:   00000218109a8758 00007ff9164f7013
0x00000029ed8ff0b0:   00007ff8fe25d1a0 ffffffff00000000
0x00000029ed8ff0c0:   000065feff7fe661 00007ff9144371f0
0x00000029ed8ff0d0:   fffffffffffffffe 00007ff9164f72ad
0x00000029ed8ff0e0:   0000000000000001 00007ff8fe220000
0x00000029ed8ff0f0:   0000000000000000 00007ff8fe244b7c
0x00000029ed8ff100:   00000029ed8ff178 00007ff9164fda67
0x00000029ed8ff110:   0000000000000000 00000029ed8ff188
0x00000029ed8ff120:   000002187fc13b40 00007ff9165db090
0x00000029ed8ff130:   0000000000000000 00007ff9164f7204
0x00000029ed8ff140:   0000000000000000 0000000000000001
0x00000029ed8ff150:   00000218103f5b40 00000029ed8ff178
0x00000029ed8ff160:   0000000000000000 00007ff8fe2449f2 

Instructions: (pc=0x00007ff8fe247b30)
0x00007ff8fe247b10:   40 53 48 83 ec 30 48 c7 44 24 20 fe ff ff ff 48
0x00007ff8fe247b20:   8b 1d ea 7f 01 00 48 85 db 74 16 e8 20 81 ff ff
0x00007ff8fe247b30:   4c 8b 00 48 8b d3 48 8b c8 41 ff 90 b0 00 00 00
0x00007ff8fe247b40:   90 48 83 c4 30 5b c3 cc cc cc cc cc cc cc cc cc 


VM_Operation (0x00000029eebf8f70): Exit, mode: safepoint, requested by thread 0x0000021810db6800


---------------  P R O C E S S  ---------------

Threads class SMR info:
_java_thread_list=0x0000021810378b30, length=19, elements={
0x0000021871483000, 0x000002187fc91800, 0x000002187fc9a000, 0x000002187fca0000,
0x000002187fca1000, 0x000002187fcaf000, 0x000002187fcb5000, 0x000002187fcbe000,
0x000002180f869000, 0x000002180f999000, 0x000002180f9a1000, 0x000002180fd9d800,
0x00000218108bf000, 0x00000218103f7800, 0x0000021810db6800, 0x0000021810a38800,
0x0000021810360800, 0x0000021810383800, 0x0000021810384800
}

Java Threads: ( => current thread )
  0x0000021871483000 JavaThread "main" [_thread_blocked, id=11484, stack(0x00000029ecc00000,0x00000029ecd00000)]
  0x000002187fc91800 JavaThread "Reference Handler" daemon [_thread_blocked, id=13976, stack(0x00000029ed900000,0x00000029eda00000)]
  0x000002187fc9a000 JavaThread "Finalizer" daemon [_thread_blocked, id=1540, stack(0x00000029eda00000,0x00000029edb00000)]
  0x000002187fca0000 JavaThread "Signal Dispatcher" daemon [_thread_blocked, id=6068, stack(0x00000029edb00000,0x00000029edc00000)]
  0x000002187fca1000 JavaThread "Attach Listener" daemon [_thread_blocked, id=3200, stack(0x00000029edc00000,0x00000029edd00000)]
  0x000002187fcaf000 JavaThread "C2 CompilerThread0" daemon [_thread_blocked, id=8016, stack(0x00000029edd00000,0x00000029ede00000)]
  0x000002187fcb5000 JavaThread "C2 CompilerThread1" daemon [_thread_blocked, id=6212, stack(0x00000029ede00000,0x00000029edf00000)]
  0x000002187fcbe000 JavaThread "C1 CompilerThread2" daemon [_thread_blocked, id=12852, stack(0x00000029edf00000,0x00000029ee000000)]
  0x000002180f869000 JavaThread "Sweeper thread" daemon [_thread_blocked, id=14164, stack(0x00000029ee000000,0x00000029ee100000)]
  0x000002180f999000 JavaThread "Service Thread" daemon [_thread_blocked, id=12364, stack(0x00000029ee100000,0x00000029ee200000)]
  0x000002180f9a1000 JavaThread "Common-Cleaner" daemon [_thread_blocked, id=10548, stack(0x00000029ee200000,0x00000029ee300000)]
  0x000002180fd9d800 JavaThread "ReaderThread" [_thread_in_native, id=12212, stack(0x00000029ee400000,0x00000029ee500000)]
  0x00000218108bf000 JavaThread "Java2D Disposer" daemon [_thread_blocked, id=6556, stack(0x00000029ee600000,0x00000029ee700000)]
  0x00000218103f7800 JavaThread "InvokeLaterDispatcher" daemon [_thread_blocked, id=7736, stack(0x00000029eea00000,0x00000029eeb00000)]
  0x0000021810db6800 JavaThread "JavaFX Application Thread" [_thread_blocked, id=10076, stack(0x00000029eeb00000,0x00000029eec00000)]
  0x0000021810a38800 JavaThread "Thread-2" daemon [_thread_in_native, id=8444, stack(0x00000029eef00000,0x00000029ef000000)]
  0x0000021810360800 JavaThread "Prism Font Disposer" daemon [_thread_blocked, id=4888, stack(0x00000029ee500000,0x00000029ee600000)]
  0x0000021810383800 JavaThread "AWT-Shutdown" [_thread_blocked, id=8516, stack(0x00000029ef200000,0x00000029ef300000)]
  0x0000021810384800 JavaThread "Cleaner-0" daemon [_thread_blocked, id=13600, stack(0x00000029ef300000,0x00000029ef400000)]

Other Threads:
=>0x000002187fc7b000 VMThread "VM Thread" [stack: 0x00000029ed800000,0x00000029ed900000] [id=11348]
  0x000002187149d000 GCTaskThread "GC Thread#0" [stack: 0x00000029ecd00000,0x00000029ece00000] [id=7732]
  0x000002187149f800 GCTaskThread "GC Thread#1" [stack: 0x00000029ece00000,0x00000029ecf00000] [id=5888]
  0x00000218714a2000 GCTaskThread "GC Thread#2" [stack: 0x00000029ecf00000,0x00000029ed000000] [id=5812]
  0x00000218714a5800 GCTaskThread "GC Thread#3" [stack: 0x00000029ed000000,0x00000029ed100000] [id=14260]
  0x000002187151d000 ConcurrentGCThread "G1 Main Marker" [stack: 0x00000029ed100000,0x00000029ed200000] [id=5908]
  0x0000021871524800 ConcurrentGCThread "G1 Conc#0" [stack: 0x00000029ed200000,0x00000029ed300000] [id=12900]
  0x000002187fb08800 ConcurrentGCThread "G1 Refine#0" [stack: 0x00000029ed300000,0x00000029ed400000] [id=7868]
  0x000002187fb0d000 ConcurrentGCThread "G1 Refine#1" [stack: 0x00000029ed400000,0x00000029ed500000] [id=2588]
  0x000002187fb0e000 ConcurrentGCThread "G1 Refine#2" [stack: 0x00000029ed500000,0x00000029ed600000] [id=7240]
  0x000002187fb11000 ConcurrentGCThread "G1 Refine#3" [stack: 0x00000029ed600000,0x00000029ed700000] [id=13100]
  0x000002187fb14800 ConcurrentGCThread "G1 Young RemSet Sampling" [stack: 0x00000029ed700000,0x00000029ed800000] [id=13060]

Threads with active compile tasks:

VM state:at safepoint (shutting down)

VM Mutex/Monitor currently owned by a thread:  ([mutex/lock_event])
[0x00000218714810a0] Threads_lock - owner thread: 0x000002187fc7b000

Heap address: 0x0000000081600000, size: 2026 MB, Compressed Oops mode: 32-bit
Narrow klass base: 0x0000000000000000, Narrow klass shift: 3
Compressed class space size: 1073741824 Address: 0x0000000100000000

Heap:
 garbage-first heap   total 131072K, used 18886K [0x0000000081600000, 0x0000000100000000)
  region size 1024K, 19 young (19456K), 6 survivors (6144K)
 Metaspace       used 27046K, capacity 28012K, committed 28416K, reserved 1073152K
  class space    used 3579K, capacity 4040K, committed 4096K, reserved 1048576K
Heap Regions: E=young(eden), S=young(survivor), O=old, HS=humongous(starts), HC=humongous(continues), CS=collection set, F=free, A=archive, TS=gc time stamp, AC=allocation context, TAMS=top-at-mark-start (previous, next)
|   0|0x0000000081600000, 0x0000000081671800, 0x0000000081700000| 44%| O|  |TS  0|AC  0|TAMS 0x0000000081671800, 0x0000000081671800|
|   1|0x0000000081700000, 0x0000000081700000, 0x0000000081800000|  0%| F|  |TS  0|AC  0|TAMS 0x0000000081700000, 0x0000000081700000|
|   2|0x0000000081800000, 0x0000000081800000, 0x0000000081900000|  0%| F|  |TS  0|AC  0|TAMS 0x0000000081800000, 0x0000000081800000|
|   3|0x0000000081900000, 0x0000000081900000, 0x0000000081a00000|  0%| F|  |TS  0|AC  0|TAMS 0x0000000081900000, 0x0000000081900000|
|   4|0x0000000081a00000, 0x0000000081a00000, 0x0000000081b00000|  0%| F|  |TS  0|AC  0|TAMS 0x0000000081a00000, 0x0000000081a00000|
|   5|0x0000000081b00000, 0x0000000081b00000, 0x0000000081c00000|  0%| F|  |TS  0|AC  0|TAMS 0x0000000081b00000, 0x0000000081b00000|
|   6|0x0000000081c00000, 0x0000000081c00000, 0x0000000081d00000|  0%| F|  |TS  0|AC  0|TAMS 0x0000000081c00000, 0x0000000081c00000|
|   7|0x0000000081d00000, 0x0000000081d00000, 0x0000000081e00000|  0%| F|  |TS  0|AC  0|TAMS 0x0000000081d00000, 0x0000000081d00000|
|   8|0x0000000081e00000, 0x0000000081e00000, 0x0000000081f00000|  0%| F|  |TS  0|AC  0|TAMS 0x0000000081e00000, 0x0000000081e00000|
|   9|0x0000000081f00000, 0x0000000081f00000, 0x0000000082000000|  0%| F|  |TS  0|AC  0|TAMS 0x0000000081f00000, 0x0000000081f00000|
|  10|0x0000000082000000, 0x0000000082000000, 0x0000000082100000|  0%| F|  |TS  0|AC  0|TAMS 0x0000000082000000, 0x0000000082000000|
|  11|0x0000000082100000, 0x0000000082100000, 0x0000000082200000|  0%| F|  |TS  0|AC  0|TAMS 0x0000000082100000, 0x0000000082100000|
|  12|0x0000000082200000, 0x0000000082200000, 0x0000000082300000|  0%| F|  |TS  0|AC  0|TAMS 0x0000000082200000, 0x0000000082200000|
|  13|0x0000000082300000, 0x0000000082300000, 0x0000000082400000|  0%| F|  |TS  0|AC  0|TAMS 0x0000000082300000, 0x0000000082300000|
|  14|0x0000000082400000, 0x0000000082400000, 0x0000000082500000|  0%| F|  |TS  0|AC  0|TAMS 0x0000000082400000, 0x0000000082400000|
|  15|0x0000000082500000, 0x0000000082500000, 0x0000000082600000|  0%| F|  |TS  0|AC  0|TAMS 0x0000000082500000, 0x0000000082500000|
|  16|0x0000000082600000, 0x0000000082600000, 0x0000000082700000|  0%| F|  |TS  0|AC  0|TAMS 0x0000000082600000, 0x0000000082600000|
|  17|0x0000000082700000, 0x0000000082700000, 0x0000000082800000|  0%| F|  |TS  0|AC  0|TAMS 0x0000000082700000, 0x0000000082700000|
|  18|0x0000000082800000, 0x0000000082800000, 0x0000000082900000|  0%| F|  |TS  0|AC  0|TAMS 0x0000000082800000, 0x0000000082800000|
|  19|0x0000000082900000, 0x0000000082900000, 0x0000000082a00000|  0%| F|  |TS  0|AC  0|TAMS 0x0000000082900000, 0x0000000082900000|
|  20|0x0000000082a00000, 0x0000000082a00000, 0x0000000082b00000|  0%| F|  |TS  0|AC  0|TAMS 0x0000000082a00000, 0x0000000082a00000|
|  21|0x0000000082b00000, 0x0000000082b00000, 0x0000000082c00000|  0%| F|  |TS  0|AC  0|TAMS 0x0000000082b00000, 0x0000000082b00000|
|  22|0x0000000082c00000, 0x0000000082c00000, 0x0000000082d00000|  0%| F|  |TS  0|AC  0|TAMS 0x0000000082c00000, 0x0000000082c00000|
|  23|0x0000000082d00000, 0x0000000082d00000, 0x0000000082e00000|  0%| F|  |TS  0|AC  0|TAMS 0x0000000082d00000, 0x0000000082d00000|
|  24|0x0000000082e00000, 0x0000000082e00000, 0x0000000082f00000|  0%| F|  |TS  0|AC  0|TAMS 0x0000000082e00000, 0x0000000082e00000|
|  25|0x0000000082f00000, 0x0000000082f00000, 0x0000000083000000|  0%| F|  |TS  0|AC  0|TAMS 0x0000000082f00000, 0x0000000082f00000|
|  26|0x0000000083000000, 0x0000000083000000, 0x0000000083100000|  0%| F|  |TS  0|AC  0|TAMS 0x0000000083000000, 0x0000000083000000|
|  27|0x0000000083100000, 0x0000000083100000, 0x0000000083200000|  0%| F|  |TS  0|AC  0|TAMS 0x0000000083100000, 0x0000000083100000|
|  28|0x0000000083200000, 0x0000000083200000, 0x0000000083300000|  0%| F|  |TS  0|AC  0|TAMS 0x0000000083200000, 0x0000000083200000|
|  29|0x0000000083300000, 0x0000000083300000, 0x0000000083400000|  0%| F|  |TS  0|AC  0|TAMS 0x0000000083300000, 0x0000000083300000|
|  30|0x0000000083400000, 0x0000000083400000, 0x0000000083500000|  0%| F|  |TS  0|AC  0|TAMS 0x0000000083400000, 0x0000000083400000|
|  31|0x0000000083500000, 0x0000000083500000, 0x0000000083600000|  0%| F|  |TS  0|AC  0|TAMS 0x0000000083500000, 0x0000000083500000|
|  32|0x0000000083600000, 0x0000000083600000, 0x0000000083700000|  0%| F|  |TS  0|AC  0|TAMS 0x0000000083600000, 0x0000000083600000|
|  33|0x0000000083700000, 0x0000000083700000, 0x0000000083800000|  0%| F|  |TS  0|AC  0|TAMS 0x0000000083700000, 0x0000000083700000|
|  34|0x0000000083800000, 0x0000000083800000, 0x0000000083900000|  0%| F|  |TS  0|AC  0|TAMS 0x0000000083800000, 0x0000000083800000|
|  35|0x0000000083900000, 0x0000000083900000, 0x0000000083a00000|  0%| F|  |TS  0|AC  0|TAMS 0x0000000083900000, 0x0000000083900000|
|  36|0x0000000083a00000, 0x0000000083a00000, 0x0000000083b00000|  0%| F|  |TS  0|AC  0|TAMS 0x0000000083a00000, 0x0000000083a00000|
|  37|0x0000000083b00000, 0x0000000083b00000, 0x0000000083c00000|  0%| F|  |TS  0|AC  0|TAMS 0x0000000083b00000, 0x0000000083b00000|
|  38|0x0000000083c00000, 0x0000000083c00000, 0x0000000083d00000|  0%| F|  |TS  0|AC  0|TAMS 0x0000000083c00000, 0x0000000083c00000|
|  39|0x0000000083d00000, 0x0000000083d00000, 0x0000000083e00000|  0%| F|  |TS  0|AC  0|TAMS 0x0000000083d00000, 0x0000000083d00000|
|  40|0x0000000083e00000, 0x0000000083e00000, 0x0000000083f00000|  0%| F|  |TS  0|AC  0|TAMS 0x0000000083e00000, 0x0000000083e00000|
|  41|0x0000000083f00000, 0x0000000083f00000, 0x0000000084000000|  0%| F|  |TS  0|AC  0|TAMS 0x0000000083f00000, 0x0000000083f00000|
|  42|0x0000000084000000, 0x0000000084000000, 0x0000000084100000|  0%| F|  |TS  0|AC  0|TAMS 0x0000000084000000, 0x0000000084000000|
|  43|0x0000000084100000, 0x0000000084100000, 0x0000000084200000|  0%| F|  |TS  0|AC  0|TAMS 0x0000000084100000, 0x0000000084100000|
|  44|0x0000000084200000, 0x0000000084200000, 0x0000000084300000|  0%| F|  |TS  0|AC  0|TAMS 0x0000000084200000, 0x0000000084200000|
|  45|0x0000000084300000, 0x0000000084300000, 0x0000000084400000|  0%| F|  |TS  0|AC  0|TAMS 0x0000000084300000, 0x0000000084300000|
|  46|0x0000000084400000, 0x0000000084400000, 0x0000000084500000|  0%| F|  |TS  0|AC  0|TAMS 0x0000000084400000, 0x0000000084400000|
|  47|0x0000000084500000, 0x0000000084500000, 0x0000000084600000|  0%| F|  |TS  0|AC  0|TAMS 0x0000000084500000, 0x0000000084500000|
|  48|0x0000000084600000, 0x0000000084600000, 0x0000000084700000|  0%| F|  |TS  0|AC  0|TAMS 0x0000000084600000, 0x0000000084600000|
|  49|0x0000000084700000, 0x0000000084700000, 0x0000000084800000|  0%| F|  |TS  0|AC  0|TAMS 0x0000000084700000, 0x0000000084700000|
|  50|0x0000000084800000, 0x0000000084800000, 0x0000000084900000|  0%| F|  |TS  0|AC  0|TAMS 0x0000000084800000, 0x0000000084800000|
|  51|0x0000000084900000, 0x0000000084900000, 0x0000000084a00000|  0%| F|  |TS  0|AC  0|TAMS 0x0000000084900000, 0x0000000084900000|
|  52|0x0000000084a00000, 0x0000000084a00000, 0x0000000084b00000|  0%| F|  |TS  0|AC  0|TAMS 0x0000000084a00000, 0x0000000084a00000|
|  53|0x0000000084b00000, 0x0000000084b00000, 0x0000000084c00000|  0%| F|  |TS  0|AC  0|TAMS 0x0000000084b00000, 0x0000000084b00000|
|  54|0x0000000084c00000, 0x0000000084c00000, 0x0000000084d00000|  0%| F|  |TS  0|AC  0|TAMS 0x0000000084c00000, 0x0000000084c00000|
|  55|0x0000000084d00000, 0x0000000084d00000, 0x0000000084e00000|  0%| F|  |TS  0|AC  0|TAMS 0x0000000084d00000, 0x0000000084d00000|
|  56|0x0000000084e00000, 0x0000000084e00000, 0x0000000084f00000|  0%| F|  |TS  0|AC  0|TAMS 0x0000000084e00000, 0x0000000084e00000|
|  57|0x0000000084f00000, 0x0000000084f00000, 0x0000000085000000|  0%| F|  |TS  0|AC  0|TAMS 0x0000000084f00000, 0x0000000084f00000|
|  58|0x0000000085000000, 0x0000000085000000, 0x0000000085100000|  0%| F|  |TS  0|AC  0|TAMS 0x0000000085000000, 0x0000000085000000|
|  59|0x0000000085100000, 0x0000000085100000, 0x0000000085200000|  0%| F|  |TS  0|AC  0|TAMS 0x0000000085100000, 0x0000000085100000|
|  60|0x0000000085200000, 0x0000000085200000, 0x0000000085300000|  0%| F|  |TS  0|AC  0|TAMS 0x0000000085200000, 0x0000000085200000|
|  61|0x0000000085300000, 0x0000000085300000, 0x0000000085400000|  0%| F|  |TS  0|AC  0|TAMS 0x0000000085300000, 0x0000000085300000|
|  62|0x0000000085400000, 0x0000000085400000, 0x0000000085500000|  0%| F|  |TS  0|AC  0|TAMS 0x0000000085400000, 0x0000000085400000|
|  63|0x0000000085500000, 0x0000000085500000, 0x0000000085600000|  0%| F|  |TS  0|AC  0|TAMS 0x0000000085500000, 0x0000000085500000|
|  64|0x0000000085600000, 0x0000000085600000, 0x0000000085700000|  0%| F|  |TS  0|AC  0|TAMS 0x0000000085600000, 0x0000000085600000|
|  65|0x0000000085700000, 0x0000000085700000, 0x0000000085800000|  0%| F|  |TS  0|AC  0|TAMS 0x0000000085700000, 0x0000000085700000|
|  66|0x0000000085800000, 0x0000000085800000, 0x0000000085900000|  0%| F|  |TS  0|AC  0|TAMS 0x0000000085800000, 0x0000000085800000|
|  67|0x0000000085900000, 0x0000000085900000, 0x0000000085a00000|  0%| F|  |TS  0|AC  0|TAMS 0x0000000085900000, 0x0000000085900000|
|  68|0x0000000085a00000, 0x0000000085a00000, 0x0000000085b00000|  0%| F|  |TS  0|AC  0|TAMS 0x0000000085a00000, 0x0000000085a00000|
|  69|0x0000000085b00000, 0x0000000085b00000, 0x0000000085c00000|  0%| F|  |TS  0|AC  0|TAMS 0x0000000085b00000, 0x0000000085b00000|
|  70|0x0000000085c00000, 0x0000000085c00000, 0x0000000085d00000|  0%| F|  |TS  0|AC  0|TAMS 0x0000000085c00000, 0x0000000085c00000|
|  71|0x0000000085d00000, 0x0000000085d00000, 0x0000000085e00000|  0%| F|  |TS  0|AC  0|TAMS 0x0000000085d00000, 0x0000000085d00000|
|  72|0x0000000085e00000, 0x0000000085e00000, 0x0000000085f00000|  0%| F|  |TS  0|AC  0|TAMS 0x0000000085e00000, 0x0000000085e00000|
|  73|0x0000000085f00000, 0x0000000085f00000, 0x0000000086000000|  0%| F|  |TS  0|AC  0|TAMS 0x0000000085f00000, 0x0000000085f00000|
|  74|0x0000000086000000, 0x0000000086000000, 0x0000000086100000|  0%| F|  |TS  0|AC  0|TAMS 0x0000000086000000, 0x0000000086000000|
|  75|0x0000000086100000, 0x0000000086100000, 0x0000000086200000|  0%| F|  |TS  0|AC  0|TAMS 0x0000000086100000, 0x0000000086100000|
|  76|0x0000000086200000, 0x0000000086200000, 0x0000000086300000|  0%| F|  |TS  0|AC  0|TAMS 0x0000000086200000, 0x0000000086200000|
|  77|0x0000000086300000, 0x0000000086300000, 0x0000000086400000|  0%| F|  |TS  0|AC  0|TAMS 0x0000000086300000, 0x0000000086300000|
|  78|0x0000000086400000, 0x0000000086400000, 0x0000000086500000|  0%| F|  |TS  0|AC  0|TAMS 0x0000000086400000, 0x0000000086400000|
|  79|0x0000000086500000, 0x0000000086500000, 0x0000000086600000|  0%| F|  |TS  0|AC  0|TAMS 0x0000000086500000, 0x0000000086500000|
|  80|0x0000000086600000, 0x0000000086600000, 0x0000000086700000|  0%| F|  |TS  0|AC  0|TAMS 0x0000000086600000, 0x0000000086600000|
|  81|0x0000000086700000, 0x0000000086700000, 0x0000000086800000|  0%| F|  |TS  0|AC  0|TAMS 0x0000000086700000, 0x0000000086700000|
|  82|0x0000000086800000, 0x0000000086800000, 0x0000000086900000|  0%| F|  |TS  0|AC  0|TAMS 0x0000000086800000, 0x0000000086800000|
|  83|0x0000000086900000, 0x0000000086900000, 0x0000000086a00000|  0%| F|  |TS  0|AC  0|TAMS 0x0000000086900000, 0x0000000086900000|
|  84|0x0000000086a00000, 0x0000000086a00000, 0x0000000086b00000|  0%| F|  |TS  0|AC  0|TAMS 0x0000000086a00000, 0x0000000086a00000|
|  85|0x0000000086b00000, 0x0000000086b00000, 0x0000000086c00000|  0%| F|  |TS  0|AC  0|TAMS 0x0000000086b00000, 0x0000000086b00000|
|  86|0x0000000086c00000, 0x0000000086c00000, 0x0000000086d00000|  0%| F|  |TS  0|AC  0|TAMS 0x0000000086c00000, 0x0000000086c00000|
|  87|0x0000000086d00000, 0x0000000086d00000, 0x0000000086e00000|  0%| F|  |TS  0|AC  0|TAMS 0x0000000086d00000, 0x0000000086d00000|
|  88|0x0000000086e00000, 0x0000000086e00000, 0x0000000086f00000|  0%| F|  |TS  0|AC  0|TAMS 0x0000000086e00000, 0x0000000086e00000|
|  89|0x0000000086f00000, 0x0000000086f00000, 0x0000000087000000|  0%| F|  |TS  0|AC  0|TAMS 0x0000000086f00000, 0x0000000086f00000|
|  90|0x0000000087000000, 0x0000000087000000, 0x0000000087100000|  0%| F|  |TS  0|AC  0|TAMS 0x0000000087000000, 0x0000000087000000|
|  91|0x0000000087100000, 0x0000000087100000, 0x0000000087200000|  0%| F|  |TS  0|AC  0|TAMS 0x0000000087100000, 0x0000000087100000|
|  92|0x0000000087200000, 0x0000000087200000, 0x0000000087300000|  0%| F|  |TS  0|AC  0|TAMS 0x0000000087200000, 0x0000000087200000|
|  93|0x0000000087300000, 0x0000000087300000, 0x0000000087400000|  0%| F|  |TS  0|AC  0|TAMS 0x0000000087300000, 0x0000000087300000|
|  94|0x0000000087400000, 0x0000000087400000, 0x0000000087500000|  0%| F|  |TS  0|AC  0|TAMS 0x0000000087400000, 0x0000000087400000|
|  95|0x0000000087500000, 0x0000000087500000, 0x0000000087600000|  0%| F|  |TS  0|AC  0|TAMS 0x0000000087500000, 0x0000000087500000|
|  96|0x0000000087600000, 0x0000000087600000, 0x0000000087700000|  0%| F|  |TS  0|AC  0|TAMS 0x0000000087600000, 0x0000000087600000|
|  97|0x0000000087700000, 0x0000000087700000, 0x0000000087800000|  0%| F|  |TS  0|AC  0|TAMS 0x0000000087700000, 0x0000000087700000|
|  98|0x0000000087800000, 0x0000000087800000, 0x0000000087900000|  0%| F|  |TS  0|AC  0|TAMS 0x0000000087800000, 0x0000000087800000|
|  99|0x0000000087900000, 0x0000000087900000, 0x0000000087a00000|  0%| F|  |TS  0|AC  0|TAMS 0x0000000087900000, 0x0000000087900000|
| 100|0x0000000087a00000, 0x0000000087a00000, 0x0000000087b00000|  0%| F|  |TS  0|AC  0|TAMS 0x0000000087a00000, 0x0000000087a00000|
| 101|0x0000000087b00000, 0x0000000087b00000, 0x0000000087c00000|  0%| F|  |TS  0|AC  0|TAMS 0x0000000087b00000, 0x0000000087b00000|
| 102|0x0000000087c00000, 0x0000000087d00000, 0x0000000087d00000|100%| S|CS|TS  0|AC  0|TAMS 0x0000000087c00000, 0x0000000087c00000|
| 103|0x0000000087d00000, 0x0000000087e00000, 0x0000000087e00000|100%| S|CS|TS  0|AC  0|TAMS 0x0000000087d00000, 0x0000000087d00000|
| 104|0x0000000087e00000, 0x0000000087f00000, 0x0000000087f00000|100%| S|CS|TS  0|AC  0|TAMS 0x0000000087e00000, 0x0000000087e00000|
| 105|0x0000000087f00000, 0x0000000088000000, 0x0000000088000000|100%| S|CS|TS  0|AC  0|TAMS 0x0000000087f00000, 0x0000000087f00000|
| 106|0x0000000088000000, 0x0000000088100000, 0x0000000088100000|100%| S|CS|TS  0|AC  0|TAMS 0x0000000088000000, 0x0000000088000000|
| 107|0x0000000088100000, 0x0000000088200000, 0x0000000088200000|100%| S|CS|TS  0|AC  0|TAMS 0x0000000088100000, 0x0000000088100000|
| 108|0x0000000088200000, 0x0000000088200000, 0x0000000088300000|  0%| F|  |TS  0|AC  0|TAMS 0x0000000088200000, 0x0000000088200000|
| 109|0x0000000088300000, 0x0000000088300000, 0x0000000088400000|  0%| F|  |TS  0|AC  0|TAMS 0x0000000088300000, 0x0000000088300000|
| 110|0x0000000088400000, 0x0000000088400000, 0x0000000088500000|  0%| F|  |TS  0|AC  0|TAMS 0x0000000088400000, 0x0000000088400000|
| 111|0x0000000088500000, 0x0000000088500000, 0x0000000088600000|  0%| F|  |TS  0|AC  0|TAMS 0x0000000088500000, 0x0000000088500000|
| 112|0x0000000088600000, 0x0000000088600000, 0x0000000088700000|  0%| F|  |TS  0|AC  0|TAMS 0x0000000088600000, 0x0000000088600000|
| 113|0x0000000088700000, 0x0000000088700000, 0x0000000088800000|  0%| F|  |TS  0|AC  0|TAMS 0x0000000088700000, 0x0000000088700000|
| 114|0x0000000088800000, 0x0000000088800000, 0x0000000088900000|  0%| F|  |TS  0|AC  0|TAMS 0x0000000088800000, 0x0000000088800000|
| 115|0x0000000088900000, 0x00000000889e9850, 0x0000000088a00000| 91%| E|  |TS  0|AC  0|TAMS 0x0000000088900000, 0x0000000088900000|
| 116|0x0000000088a00000, 0x0000000088b00000, 0x0000000088b00000|100%| E|CS|TS  0|AC  0|TAMS 0x0000000088a00000, 0x0000000088a00000|
| 117|0x0000000088b00000, 0x0000000088c00000, 0x0000000088c00000|100%| E|CS|TS  0|AC  0|TAMS 0x0000000088b00000, 0x0000000088b00000|
| 118|0x0000000088c00000, 0x0000000088d00000, 0x0000000088d00000|100%| E|CS|TS  0|AC  0|TAMS 0x0000000088c00000, 0x0000000088c00000|
| 119|0x0000000088d00000, 0x0000000088e00000, 0x0000000088e00000|100%| E|CS|TS  0|AC  0|TAMS 0x0000000088d00000, 0x0000000088d00000|
| 120|0x0000000088e00000, 0x0000000088f00000, 0x0000000088f00000|100%| E|CS|TS  0|AC  0|TAMS 0x0000000088e00000, 0x0000000088e00000|
| 121|0x0000000088f00000, 0x0000000089000000, 0x0000000089000000|100%| E|CS|TS  0|AC  0|TAMS 0x0000000088f00000, 0x0000000088f00000|
| 122|0x0000000089000000, 0x0000000089100000, 0x0000000089100000|100%| E|CS|TS  0|AC  0|TAMS 0x0000000089000000, 0x0000000089000000|
| 123|0x0000000089100000, 0x0000000089200000, 0x0000000089200000|100%| E|CS|TS  0|AC  0|TAMS 0x0000000089100000, 0x0000000089100000|
| 124|0x0000000089200000, 0x0000000089300000, 0x0000000089300000|100%| E|CS|TS  0|AC  0|TAMS 0x0000000089200000, 0x0000000089200000|
| 125|0x0000000089300000, 0x0000000089400000, 0x0000000089400000|100%| E|CS|TS  0|AC  0|TAMS 0x0000000089300000, 0x0000000089300000|
| 126|0x0000000089400000, 0x0000000089500000, 0x0000000089500000|100%| E|CS|TS  0|AC  0|TAMS 0x0000000089400000, 0x0000000089400000|
| 127|0x0000000089500000, 0x0000000089600000, 0x0000000089600000|100%| E|CS|TS  0|AC  0|TAMS 0x0000000089500000, 0x0000000089500000|

Card table byte_map: [0x0000021879030000,0x0000021879430000] byte_map_base: 0x0000021878c25000

Marking Bits (Prev, Next): (CMBitMap*) 0x000002187151c438, (CMBitMap*) 0x000002187151c400
 Prev Bits: [0x000002187b7e0000, 0x000002187d788000)
 Next Bits: [0x0000021879830000, 0x000002187b7d8000)

Polling page: 0x0000021870c40000

CodeHeap 'non-profiled nmethods': size=120064Kb used=1074Kb max_used=1074Kb free=118989Kb
 bounds [0x0000021807ac0000, 0x0000021807d30000, 0x000002180f000000]
CodeHeap 'profiled nmethods': size=120000Kb used=4999Kb max_used=4999Kb free=115000Kb
 bounds [0x0000021800590000, 0x0000021800a80000, 0x0000021807ac0000]
CodeHeap 'non-nmethods': size=5696Kb used=1355Kb max_used=1360Kb free=4340Kb
 bounds [0x0000021800000000, 0x0000021800270000, 0x0000021800590000]
 total_blobs=3863 nmethods=2580 adapters=701
 compilation: enabled

Compilation events (10 events):
Event: 4.412 Thread 0x000002187fcbe000 2579       1       java.util.concurrent.locks.AbstractOwnableSynchronizer::setExclusiveOwnerThread (6 bytes)
Event: 4.412 Thread 0x000002187fcbe000 nmethod 2579 0x0000021807bcc290 code [0x0000021807bcc440, 0x0000021807bcc598]
Event: 4.413 Thread 0x000002187fcbe000 2580       3       javafx.scene.Node$$Lambda$263/1679637143::changed (17 bytes)
Event: 4.414 Thread 0x000002187fcbe000 nmethod 2580 0x0000021800a6e190 code [0x0000021800a6e420, 0x0000021800a6f240]
Event: 4.415 Thread 0x000002187fcbe000 2581       3       javafx.scene.Node::lambda$new$2 (5 bytes)
Event: 4.416 Thread 0x000002187fcbe000 nmethod 2581 0x0000021800a6f690 code [0x0000021800a6f900, 0x0000021800a704e0]
Event: 4.420 Thread 0x000002187fcbe000 2582       1       java.util.concurrent.CopyOnWriteArrayList::getArray (5 bytes)
Event: 4.420 Thread 0x000002187fcbe000 nmethod 2582 0x0000021807bcc610 code [0x0000021807bcc7c0, 0x0000021807bcc8d8]
Event: 4.420 Thread 0x000002187fcbe000 2583   !   3       java.util.logging.LogManager::ensureLogManagerInitialized (144 bytes)
Event: 4.422 Thread 0x000002187fcbe000 nmethod 2583 0x0000021800a70890 code [0x0000021800a70b40, 0x0000021800a71880]

GC Heap History (4 events):
Event: 0.644 GC heap before
{Heap before GC invocations=0 (full 0):
 garbage-first heap   total 131072K, used 14336K [0x0000000081600000, 0x0000000100000000)
  region size 1024K, 14 young (14336K), 0 survivors (0K)
 Metaspace       used 10547K, capacity 10863K, committed 11008K, reserved 1058816K
  class space    used 1099K, capacity 1207K, committed 1280K, reserved 1048576K
}
Event: 0.648 GC heap after
{Heap after GC invocations=1 (full 0):
 garbage-first heap   total 131072K, used 2502K [0x0000000081600000, 0x0000000100000000)
  region size 1024K, 2 young (2048K), 2 survivors (2048K)
 Metaspace       used 10547K, capacity 10863K, committed 11008K, reserved 1058816K
  class space    used 1099K, capacity 1207K, committed 1280K, reserved 1048576K
}
Event: 1.332 GC heap before
{Heap before GC invocations=1 (full 0):
 garbage-first heap   total 131072K, used 19910K [0x0000000081600000, 0x0000000100000000)
  region size 1024K, 20 young (20480K), 2 survivors (2048K)
 Metaspace       used 20506K, capacity 21102K, committed 21296K, reserved 1069056K
  class space    used 2412K, capacity 2688K, committed 2688K, reserved 1048576K
}
Event: 1.341 GC heap after
{Heap after GC invocations=2 (full 0):
 garbage-first heap   total 131072K, used 6598K [0x0000000081600000, 0x0000000100000000)
  region size 1024K, 6 young (6144K), 6 survivors (6144K)
 Metaspace       used 20506K, capacity 21102K, committed 21296K, reserved 1069056K
  class space    used 2412K, capacity 2688K, committed 2688K, reserved 1048576K
}

Deoptimization events (10 events):
Event: 1.284 Thread 0x0000021810db6800 Uncommon trap: reason=unstable_if action=reinterpret pc=0x0000021807b031ac method=java.util.HashMap.getNode(ILjava/lang/Object;)Ljava/util/HashMap$Node; @ 84 c2
Event: 1.392 Thread 0x0000021810db6800 Uncommon trap: reason=unstable_if action=reinterpret pc=0x0000021807aca724 method=java.lang.String.equals(Ljava/lang/Object;)Z @ 27 c2
Event: 1.434 Thread 0x0000021810db6800 Uncommon trap: reason=unstable_if action=reinterpret pc=0x0000021807ac91d4 method=java.lang.StringLatin1.canEncode(I)Z @ 4 c2
Event: 1.438 Thread 0x0000021810db6800 Uncommon trap: reason=unstable_if action=reinterpret pc=0x0000021807b463bc method=java.nio.Buffer.position(I)Ljava/nio/Buffer; @ 45 c2
Event: 1.663 Thread 0x0000021810db6800 Uncommon trap: reason=unstable_if action=reinterpret pc=0x0000021807ae02fc method=java.lang.String.hashCode()I @ 22 c2
Event: 1.663 Thread 0x0000021810db6800 Uncommon trap: reason=unstable_if action=reinterpret pc=0x0000021807acafe0 method=java.lang.CharacterData.of(I)Ljava/lang/CharacterData; @ 4 c2
Event: 1.666 Thread 0x0000021810db6800 Uncommon trap: reason=unstable_if action=reinterpret pc=0x0000021807add27c method=java.lang.String.indexOf(II)I @ 4 c2
Event: 1.666 Thread 0x0000021810db6800 Uncommon trap: reason=unstable_if action=reinterpret pc=0x0000021807afeea0 method=java.lang.String.indexOf(II)I @ 4 c2
Event: 1.725 Thread 0x0000021810db6800 Uncommon trap: reason=intrinsic_or_type_checked_inlining action=make_not_entrant pc=0x0000021807b61c70 method=java.util.Arrays.copyOf([Ljava/lang/Object;ILjava/lang/Class;)[Ljava/lang/Object; @ 36 c2
Event: 1.737 Thread 0x0000021810db6800 Uncommon trap: reason=unstable_if action=reinterpret pc=0x0000021807b6c290 method=java.util.Arrays.equals([Ljava/lang/Object;[Ljava/lang/Object;)Z @ 44 c2

Classes redefined (0 events):
No events

Internal exceptions (10 events):
Event: 1.554 Thread 0x0000021810db6800 Exception <a 'java/lang/ClassNotFoundException'{0x00000000893ea9a0}: com/sun/javafx/scene/control/skin/resources/controls_pl_PL> (0x00000000893ea9a0) thrown at [t:/workspace/open/src/hotspot/share/prims/jni.cpp, line 632]
Event: 1.596 Thread 0x0000021810db6800 Exception <a 'java/lang/NoSuchMethodError'{0x000000008911d8b8}: java.lang.invoke.DirectMethodHandle$Holder.invokeStatic(Ljava/lang/Object;Ljava/lang/Object;Ljava/lang/Object;Ljava/lang/Object;Ljava/lang/Object;)V> (0x000000008911d8b8) thrown at [t:/worksp
Event: 1.619 Thread 0x0000021810db6800 Exception <a 'java/lang/NoSuchMethodError'{0x000000008918efd0}: java.lang.invoke.DirectMethodHandle$Holder.invokeInterface(Ljava/lang/Object;Ljava/lang/Object;Ljava/lang/Object;)Ljava/lang/Object;> (0x000000008918efd0) thrown at [t:/workspace/open/src/hot
Event: 1.620 Thread 0x0000021810db6800 Exception <a 'java/lang/IncompatibleClassChangeError'{0x0000000089192130}: Found class java.lang.Object, but interface was expected> (0x0000000089192130) thrown at [t:/workspace/open/src/hotspot/share/interpreter/linkResolver.cpp, line 807]
Event: 1.677 Thread 0x0000021810db6800 Exception <a 'java/io/FileNotFoundException'{0x00000000890e2d10}> (0x00000000890e2d10) thrown at [t:/workspace/open/src/hotspot/share/prims/jni.cpp, line 611]
Event: 1.790 Thread 0x0000021810db6800 Exception <a 'java/lang/NoSuchMethodError'{0x0000000088ef4fa0}: method resolution failed> (0x0000000088ef4fa0) thrown at [t:/workspace/open/src/hotspot/share/prims/methodHandles.cpp, line 1226]
Event: 1.791 Thread 0x0000021810db6800 Exception <a 'java/lang/NoSuchMethodError'{0x0000000088efbf70}: java.lang.invoke.DirectMethodHandle$Holder.invokeStatic(Ljava/lang/Object;Ljava/lang/Object;Ljava/lang/Object;II)Ljava/lang/Object;> (0x0000000088efbf70) thrown at [t:/workspace/open/src/hots
Event: 1.791 Thread 0x0000021810db6800 Exception <a 'java/lang/NoSuchMethodError'{0x0000000088eff908}: java.lang.invoke.DirectMethodHandle$Holder.invokeSpecial(Ljava/lang/Object;Ljava/lang/Object;Ljava/lang/Object;Ljava/lang/Object;II)Ljava/lang/Object;> (0x0000000088eff908) thrown at [t:/work
Event: 2.825 Thread 0x0000021810db6800 Exception <a 'java/net/ConnectException'{0x0000000088d9cae0}: Connection refused: connect> (0x0000000088d9cae0) thrown at [t:/workspace/open/src/hotspot/share/prims/jni.cpp, line 632]
Event: 2.935 Thread 0x0000021810db6800 Exception <a 'java/lang/NoSuchMethodError'{0x0000000088c514e0}: method resolution failed> (0x0000000088c514e0) thrown at [t:/workspace/open/src/hotspot/share/prims/methodHandles.cpp, line 1226]

Events (10 events):
Event: 4.420 Thread 0x0000021810385800 Thread added: 0x0000021810385800
Event: 4.421 Thread 0x0000021810387000 Thread exited: 0x0000021810387000
Event: 4.421 Executing VM operation: RevokeBias
Event: 4.421 Executing VM operation: RevokeBias done
Event: 4.421 Thread 0x0000021810202000 Thread exited: 0x0000021810202000
Event: 4.430 Executing VM operation: RevokeBias
Event: 4.430 Executing VM operation: RevokeBias done
Event: 4.430 Thread 0x00000218113ce800 Thread exited: 0x00000218113ce800
Event: 4.533 Thread 0x0000021810385800 Thread exited: 0x0000021810385800
Event: 4.535 Executing VM operation: Exit


Dynamic libraries:
0x00007ff79f930000 - 0x00007ff79f96e000 	C:\Program Files\Java\jre-10.0.1\bin\javaw.exe
0x00007ff919160000 - 0x00007ff919341000 	C:\WINDOWS\SYSTEM32\ntdll.dll
0x00007ff8ed6c0000 - 0x00007ff8ed6f4000 	C:\Program Files\AVAST Software\Avast\x64\aswhooka.dll
0x00007ff918960000 - 0x00007ff918a12000 	C:\WINDOWS\System32\KERNEL32.DLL
0x00007ff915530000 - 0x00007ff9157a3000 	C:\WINDOWS\System32\KERNELBASE.dll
0x00007ff916b20000 - 0x00007ff916bc1000 	C:\WINDOWS\System32\ADVAPI32.dll
0x00007ff9180b0000 - 0x00007ff91814e000 	C:\WINDOWS\System32\msvcrt.dll
0x00007ff918210000 - 0x00007ff91826b000 	C:\WINDOWS\System32\sechost.dll
0x00007ff918470000 - 0x00007ff918594000 	C:\WINDOWS\System32\RPCRT4.dll
0x00007ff918700000 - 0x00007ff918890000 	C:\WINDOWS\System32\USER32.dll
0x00007ff915850000 - 0x00007ff915870000 	C:\WINDOWS\System32\win32u.dll
0x00007ff916bd0000 - 0x00007ff916bf8000 	C:\WINDOWS\System32\GDI32.dll
0x00007ff915a60000 - 0x00007ff915bf2000 	C:\WINDOWS\System32\gdi32full.dll
0x00007ff9157b0000 - 0x00007ff91584f000 	C:\WINDOWS\System32\msvcp_win.dll
0x00007ff9164f0000 - 0x00007ff9165ea000 	C:\WINDOWS\System32\ucrtbase.dll
0x00007ff90bc30000 - 0x00007ff90be99000 	C:\WINDOWS\WinSxS\amd64_microsoft.windows.common-controls_6595b64144ccf1df_6.0.17134.112_none_fb3f961b30681c12\COMCTL32.dll
0x00007ff9165f0000 - 0x00007ff916913000 	C:\WINDOWS\System32\combase.dll
0x00007ff915c00000 - 0x00007ff915c7a000 	C:\WINDOWS\System32\bcryptPrimitives.dll
0x00007ff9146e0000 - 0x00007ff9146ea000 	C:\WINDOWS\SYSTEM32\VERSION.dll
0x00007ff918160000 - 0x00007ff91818d000 	C:\WINDOWS\System32\IMM32.DLL
0x00007ff901750000 - 0x00007ff90183f000 	C:\Program Files\Java\jre-10.0.1\bin\msvcr120.dll
0x00007ff8fe270000 - 0x00007ff8fe316000 	C:\Program Files\Java\jre-10.0.1\bin\msvcp120.dll
0x0000000066010000 - 0x0000000066a80000 	C:\Program Files\Java\jre-10.0.1\bin\server\jvm.dll
0x00007ff918ac0000 - 0x00007ff918ac8000 	C:\WINDOWS\System32\PSAPI.DLL
0x00007ff9120f0000 - 0x00007ff9120f9000 	C:\WINDOWS\SYSTEM32\WSOCK32.dll
0x00007ff918ad0000 - 0x00007ff918b3c000 	C:\WINDOWS\System32\WS2_32.dll
0x00007ff912050000 - 0x00007ff912073000 	C:\WINDOWS\SYSTEM32\WINMM.dll
0x00007ff911f40000 - 0x00007ff911f6a000 	C:\WINDOWS\SYSTEM32\WINMMBASE.dll
0x00007ff9164a0000 - 0x00007ff9164e9000 	C:\WINDOWS\System32\cfgmgr32.dll
0x00007ff9120e0000 - 0x00007ff9120ef000 	C:\Program Files\Java\jre-10.0.1\bin\verify.dll
0x00007ff8fdec0000 - 0x00007ff8fe089000 	C:\WINDOWS\SYSTEM32\DBGHELP.DLL
0x00007ff8fdad0000 - 0x00007ff8fdaf9000 	C:\WINDOWS\SYSTEM32\dbgcore.DLL
0x00007ff910770000 - 0x00007ff910797000 	C:\Program Files\Java\jre-10.0.1\bin\java.dll
0x00007ff911b90000 - 0x00007ff911ba6000 	C:\Program Files\Java\jre-10.0.1\bin\zip.dll
0x00007ff9117f0000 - 0x00007ff9117fa000 	C:\Program Files\Java\jre-10.0.1\bin\jimage.dll
0x00007ff916c00000 - 0x00007ff918040000 	C:\WINDOWS\System32\SHELL32.dll
0x00007ff9183c0000 - 0x00007ff918469000 	C:\WINDOWS\System32\shcore.dll
0x00007ff915c80000 - 0x00007ff91638d000 	C:\WINDOWS\System32\windows.storage.dll
0x00007ff918040000 - 0x00007ff918091000 	C:\WINDOWS\System32\shlwapi.dll
0x00007ff9154f0000 - 0x00007ff915501000 	C:\WINDOWS\System32\kernel.appcore.dll
0x00007ff9154d0000 - 0x00007ff9154ef000 	C:\WINDOWS\System32\profapi.dll
0x00007ff915480000 - 0x00007ff9154cc000 	C:\WINDOWS\System32\powrprof.dll
0x00007ff915470000 - 0x00007ff91547a000 	C:\WINDOWS\System32\FLTLIB.DLL
0x00007ff910750000 - 0x00007ff91076a000 	C:\Program Files\Java\jre-10.0.1\bin\net.dll
0x00007ff90ead0000 - 0x00007ff90ebad000 	C:\WINDOWS\SYSTEM32\WINHTTP.dll
0x00007ff914cf0000 - 0x00007ff914d56000 	C:\WINDOWS\system32\mswsock.dll
0x00007ff910620000 - 0x00007ff910631000 	C:\Program Files\Java\jre-10.0.1\bin\nio.dll
0x00007ff8e4fd0000 - 0x00007ff8e516b000 	C:\Program Files\Java\jre-10.0.1\bin\awt.dll
0x00007ff918890000 - 0x00007ff918952000 	C:\WINDOWS\System32\OLEAUT32.dll
0x00007ff9129f0000 - 0x00007ff912fb7000 	C:\WINDOWS\SYSTEM32\d2d1.dll
0x00007ff9136a0000 - 0x00007ff91372b000 	C:\WINDOWS\SYSTEM32\apphelp.dll
0x00007ff9137d0000 - 0x00007ff913868000 	C:\WINDOWS\system32\uxtheme.dll
0x00007ff916920000 - 0x00007ff916a95000 	C:\WINDOWS\System32\MSCTF.dll
0x00007ff913ab0000 - 0x00007ff913ad9000 	C:\WINDOWS\system32\dwmapi.dll
0x00007ff9185a0000 - 0x00007ff9186f1000 	C:\WINDOWS\System32\ole32.dll
0x0000021811960000 - 0x0000021811963000 	C:\Program Files\Java\jre-10.0.1\bin\api-ms-win-core-console-l1-1-0.dll
0x0000021811970000 - 0x0000021811973000 	C:\Program Files\Java\jre-10.0.1\bin\api-ms-win-core-datetime-l1-1-0.dll
0x0000021811980000 - 0x0000021811983000 	C:\Program Files\Java\jre-10.0.1\bin\api-ms-win-core-debug-l1-1-0.dll
0x0000021811990000 - 0x0000021811993000 	C:\Program Files\Java\jre-10.0.1\bin\api-ms-win-core-errorhandling-l1-1-0.dll
0x00000218119a0000 - 0x00000218119a4000 	C:\Program Files\Java\jre-10.0.1\bin\api-ms-win-core-file-l1-1-0.dll
0x00000218119b0000 - 0x00000218119b3000 	C:\Program Files\Java\jre-10.0.1\bin\api-ms-win-core-file-l1-2-0.dll
0x00000218119c0000 - 0x00000218119c3000 	C:\Program Files\Java\jre-10.0.1\bin\api-ms-win-core-file-l2-1-0.dll
0x00000218119d0000 - 0x00000218119d3000 	C:\Program Files\Java\jre-10.0.1\bin\api-ms-win-core-handle-l1-1-0.dll
0x00000218119e0000 - 0x00000218119e3000 	C:\Program Files\Java\jre-10.0.1\bin\api-ms-win-core-heap-l1-1-0.dll
0x00000218119f0000 - 0x00000218119f3000 	C:\Program Files\Java\jre-10.0.1\bin\api-ms-win-core-interlocked-l1-1-0.dll
0x0000021811a00000 - 0x0000021811a03000 	C:\Program Files\Java\jre-10.0.1\bin\api-ms-win-core-libraryloader-l1-1-0.dll
0x0000021811a10000 - 0x0000021811a13000 	C:\Program Files\Java\jre-10.0.1\bin\api-ms-win-core-localization-l1-2-0.dll
0x0000021811a20000 - 0x0000021811a23000 	C:\Program Files\Java\jre-10.0.1\bin\api-ms-win-core-memory-l1-1-0.dll
0x0000021811a30000 - 0x0000021811a33000 	C:\Program Files\Java\jre-10.0.1\bin\api-ms-win-core-namedpipe-l1-1-0.dll
0x0000021811a40000 - 0x0000021811a43000 	C:\Program Files\Java\jre-10.0.1\bin\api-ms-win-core-processenvironment-l1-1-0.dll
0x0000021811a50000 - 0x0000021811a53000 	C:\Program Files\Java\jre-10.0.1\bin\api-ms-win-core-processthreads-l1-1-0.dll
0x0000021811a60000 - 0x0000021811a63000 	C:\Program Files\Java\jre-10.0.1\bin\api-ms-win-core-processthreads-l1-1-1.dll
0x0000021811a70000 - 0x0000021811a73000 	C:\Program Files\Java\jre-10.0.1\bin\api-ms-win-core-profile-l1-1-0.dll
0x0000021811a80000 - 0x0000021811a83000 	C:\Program Files\Java\jre-10.0.1\bin\api-ms-win-core-rtlsupport-l1-1-0.dll
0x0000021811cc0000 - 0x0000021811cc3000 	C:\Program Files\Java\jre-10.0.1\bin\api-ms-win-core-string-l1-1-0.dll
0x0000021811cd0000 - 0x0000021811cd3000 	C:\Program Files\Java\jre-10.0.1\bin\api-ms-win-core-synch-l1-1-0.dll
0x0000021811ce0000 - 0x0000021811ce3000 	C:\Program Files\Java\jre-10.0.1\bin\api-ms-win-core-synch-l1-2-0.dll
0x0000021811cf0000 - 0x0000021811cf3000 	C:\Program Files\Java\jre-10.0.1\bin\api-ms-win-core-sysinfo-l1-1-0.dll
0x0000021811d00000 - 0x0000021811d03000 	C:\Program Files\Java\jre-10.0.1\bin\api-ms-win-core-timezone-l1-1-0.dll
0x0000021811d10000 - 0x0000021811d13000 	C:\Program Files\Java\jre-10.0.1\bin\api-ms-win-core-util-l1-1-0.dll
0x0000021811f30000 - 0x0000021811f33000 	C:\Program Files\Java\jre-10.0.1\bin\api-ms-win-crt-conio-l1-1-0.dll
0x0000021811f40000 - 0x0000021811f44000 	C:\Program Files\Java\jre-10.0.1\bin\api-ms-win-crt-convert-l1-1-0.dll
0x0000021811f50000 - 0x0000021811f53000 	C:\Program Files\Java\jre-10.0.1\bin\api-ms-win-crt-environment-l1-1-0.dll
0x0000021811f60000 - 0x0000021811f63000 	C:\Program Files\Java\jre-10.0.1\bin\api-ms-win-crt-filesystem-l1-1-0.dll
0x0000021811f70000 - 0x0000021811f73000 	C:\Program Files\Java\jre-10.0.1\bin\api-ms-win-crt-heap-l1-1-0.dll
0x0000021811f80000 - 0x0000021811f83000 	C:\Program Files\Java\jre-10.0.1\bin\api-ms-win-crt-locale-l1-1-0.dll
0x0000021811f90000 - 0x0000021811f95000 	C:\Program Files\Java\jre-10.0.1\bin\api-ms-win-crt-math-l1-1-0.dll
0x0000021811fa0000 - 0x0000021811fa5000 	C:\Program Files\Java\jre-10.0.1\bin\api-ms-win-crt-multibyte-l1-1-0.dll
0x0000021811fb0000 - 0x0000021811fc0000 	C:\Program Files\Java\jre-10.0.1\bin\api-ms-win-crt-private-l1-1-0.dll
0x0000021811fc0000 - 0x0000021811fc3000 	C:\Program Files\Java\jre-10.0.1\bin\api-ms-win-crt-process-l1-1-0.dll
0x0000021811fd0000 - 0x0000021811fd4000 	C:\Program Files\Java\jre-10.0.1\bin\api-ms-win-crt-runtime-l1-1-0.dll
0x0000021811fe0000 - 0x0000021811fe4000 	C:\Program Files\Java\jre-10.0.1\bin\api-ms-win-crt-stdio-l1-1-0.dll
0x0000021811ff0000 - 0x0000021811ff4000 	C:\Program Files\Java\jre-10.0.1\bin\api-ms-win-crt-string-l1-1-0.dll
0x0000021812000000 - 0x0000021812003000 	C:\Program Files\Java\jre-10.0.1\bin\api-ms-win-crt-time-l1-1-0.dll
0x0000021812010000 - 0x0000021812013000 	C:\Program Files\Java\jre-10.0.1\bin\api-ms-win-crt-utility-l1-1-0.dll
0x00007ff8fc390000 - 0x00007ff8fc486000 	C:\Program Files\Java\jre-10.0.1\bin\ucrtbase.dll
0x00007ff90cb40000 - 0x00007ff90cb56000 	C:\Program Files\Java\jre-10.0.1\bin\vcruntime140.dll
0x00007ff8fbb30000 - 0x00007ff8fbbcc000 	C:\Program Files\Java\jre-10.0.1\bin\msvcp140.dll
0x00007ff8fe550000 - 0x00007ff8fe5a1000 	C:\Program Files\Java\jre-10.0.1\bin\concrt140.dll
0x00007ff9016f0000 - 0x00007ff901713000 	C:\Program Files\Java\jre-10.0.1\bin\prism_d3d.dll
0x00007ff8cff40000 - 0x00007ff8d00d7000 	C:\WINDOWS\system32\d3d9.dll
0x00007ff8fe220000 - 0x00007ff8fe26a000 	C:\Program Files\Java\jre-10.0.1\bin\glass.dll
0x00007ff9182d0000 - 0x00007ff9183bd000 	C:\WINDOWS\System32\COMDLG32.dll
0x00007ff901540000 - 0x00007ff901554000 	C:\Program Files\Java\jre-10.0.1\bin\javafx_font.dll
0x00007ff8f8f10000 - 0x00007ff8f8f75000 	C:\Program Files\Java\jre-10.0.1\bin\fontmanager.dll
0x00007ff8fdb00000 - 0x00007ff8fde1c000 	C:\WINDOWS\SYSTEM32\dwrite.dll
0x00007ff918a20000 - 0x00007ff918ac0000 	C:\WINDOWS\System32\clbcatq.dll
0x00007ff910fc0000 - 0x00007ff91116e000 	C:\WINDOWS\SYSTEM32\WindowsCodecs.dll
0x00007ff8f6f70000 - 0x00007ff8f6fc8000 	C:\WINDOWS\system32\dataexchange.dll
0x00007ff9126e0000 - 0x00007ff9129eb000 	C:\WINDOWS\system32\d3d11.dll
0x00007ff912fc0000 - 0x00007ff91315c000 	C:\WINDOWS\system32\dcomp.dll
0x00007ff914100000 - 0x00007ff9141bb000 	C:\WINDOWS\system32\dxgi.dll
0x00007ff913bf0000 - 0x00007ff913da8000 	C:\WINDOWS\system32\twinapi.appcore.dll
0x00007ff913b90000 - 0x00007ff913bb1000 	C:\WINDOWS\system32\RMCLIENT.dll
0x00007ff8fe1e0000 - 0x00007ff8fe214000 	C:\Program Files\Common Files\Microsoft Shared\Ink\rtscom.dll
0x00007ff9028b0000 - 0x00007ff902948000 	C:\WINDOWS\System32\TextInputFramework.dll
0x00007ff910a00000 - 0x00007ff910d1e000 	C:\WINDOWS\System32\CoreUIComponents.dll
0x00007ff9134a0000 - 0x00007ff91357a000 	C:\WINDOWS\System32\CoreMessaging.dll
0x00007ff914430000 - 0x00007ff914461000 	C:\WINDOWS\SYSTEM32\ntmarta.dll
0x00007ff911530000 - 0x00007ff91167d000 	C:\WINDOWS\SYSTEM32\wintypes.dll
0x00007ff914ab0000 - 0x00007ff914b6e000 	C:\WINDOWS\SYSTEM32\DNSAPI.dll
0x00007ff9180a0000 - 0x00007ff9180a8000 	C:\WINDOWS\System32\NSI.dll
0x00007ff914a70000 - 0x00007ff914aa8000 	C:\WINDOWS\SYSTEM32\IPHLPAPI.DLL
0x00007ff90f1a0000 - 0x00007ff90f1aa000 	C:\Windows\System32\rasadhlp.dll
0x00007ff90b130000 - 0x00007ff90b1a2000 	C:\WINDOWS\System32\fwpuclnt.dll
0x00007ff914fd0000 - 0x00007ff914ff5000 	C:\WINDOWS\SYSTEM32\bcrypt.dll

dbghelp: loaded successfully - version: 4.0.5 - missing functions: none
symbol engine: initialized successfully - sym options: 0x614 - pdb path: .;C:\Program Files\Java\jre-10.0.1\bin;C:\WINDOWS\SYSTEM32;C:\Program Files\AVAST Software\Avast\x64;C:\WINDOWS\WinSxS\amd64_microsoft.windows.common-controls_6595b64144ccf1df_6.0.17134.112_none_fb3f961b30681c12;C:\Program Files\Java\jre-10.0.1\bin\server;C:\Program Files\Common Files\Microsoft Shared\Ink

VM Arguments:
jvm_args: -ea -Dfile.encoding=Cp1250 
java_command: org.eclipse.jdt.internal.junit.runner.RemoteTestRunner -version 3 -port 55643 -testLoaderClass org.eclipse.jdt.internal.junit5.runner.JUnit5TestLoader -loaderpluginname org.eclipse.jdt.junit5.runtime -classNames test.ControllerUserTest
java_class_path (initial): C:\Users\Hycom\gitrepso\Warcaby\WarcClient\bin;C:\Users\Hycom\Downloads\eclipse\plugins\org.junit.jupiter.api_5.0.0.v20170910-2246.jar;C:\Users\Hycom\Downloads\eclipse\plugins\org.junit.jupiter.engine_5.0.0.v20170910-2246.jar;C:\Users\Hycom\Downloads\eclipse\plugins\org.junit.jupiter.migrationsupport_5.0.0.v20170910-2246.jar;C:\Users\Hycom\Downloads\eclipse\plugins\org.junit.jupiter.params_5.0.0.v20170910-2246.jar;C:\Users\Hycom\Downloads\eclipse\plugins\org.junit.platform.commons_1.0.0.v20170910-2246.jar;C:\Users\Hycom\Downloads\eclipse\plugins\org.junit.platform.engine_1.0.0.v20170910-2246.jar;C:\Users\Hycom\Downloads\eclipse\plugins\org.junit.platform.launcher_1.0.0.v20170910-2246.jar;C:\Users\Hycom\Downloads\eclipse\plugins\org.junit.platform.runner_1.0.0.v20170910-2246.jar;C:\Users\Hycom\Downloads\eclipse\plugins\org.junit.platform.suite.api_1.0.0.v20170910-2246.jar;C:\Users\Hycom\Downloads\eclipse\plugins\org.junit.vintage.engine_4.12.0.v20170910-2246.jar;C:\Users\Hycom\Downloads\eclipse\plugins\org.opentest4j_1.0.0.v20170910-2246.jar;C:\Users\Hycom\Downloads\eclipse\plugins\org.apiguardian_1.0.0.v20170910-2246.jar;C:\Users\Hycom\Downloads\eclipse\plugins\org.junit_4.12.0.v201504281640\junit.jar;C:\Users\Hycom\Downloads\eclipse\plugins\org.hamcrest.core_1.3.0.v201303031735.jar;C:\Users\Hycom\Downloads\eclipse\configuration\org.eclipse.osgi\414\0\.cp;C:\Users\Hycom\Downloads\eclipse\configuration\org.eclipse.osgi\412\0\.cp
Launcher Type: SUN_STANDARD

Logging:
Log output configuration:
#0: stdout all=warning uptime,level,tags
#1: stderr all=off uptime,level,tags

Environment Variables:
PATH=C:\Program Files (x86)\Common Files\Oracle\Java\javapath;C:\ProgramData\Oracle\Java\javapath;C:\WINDOWS\system32;C:\WINDOWS;C:\WINDOWS\System32\Wbem;C:\WINDOWS\System32\WindowsPowerShell\v1.0\;C:\Program Files\OpenVPN\bin;C:\Program Files (x86)\Windows Live\Shared;C:\Program Files (x86)\Calibre2\;C:\Program Files\PuTTY\;C:\Program Files (x86)\OpenConnect;C:\Program Files\Git\cmd;;C:\WINDOWS\System32\OpenSSH\;C:\Program Files\Java\jdk1.8.0_161\bin;C:\Users\Hycom\AppData\Local\Microsoft\WindowsApps;C:\Users\Hycom\AppData\Local\GitHubDesktop\bin;%USERPROFILE%\AppData\Local\Microsoft\WindowsApps;
USERNAME=Hycom
OS=Windows_NT
PROCESSOR_IDENTIFIER=Intel64 Family 6 Model 69 Stepping 1, GenuineIntel



---------------  S Y S T E M  ---------------

OS: Windows 10 , 64 bit Build 17134 (10.0.17134.1)

CPU:total 4 (initial active 4) (2 cores per cpu, 2 threads per core) family 6 model 69 stepping 1, cmov, cx8, fxsr, mmx, sse, sse2, sse3, ssse3, sse4.1, sse4.2, popcnt, avx, avx2, aes, clmul, erms, lzcnt, ht, tsc, tscinvbit, bmi1, bmi2, fma

Memory: 4k page, physical 8291712k(4116868k free), swap 9602432k(4647240k free)

vm_info: Java HotSpot(TM) 64-Bit Server VM (10.0.1+10) for windows-amd64 JRE (10.0.1+10), built on Mar 27 2018 02:27:48 by "mach5one" with MS VC++ 12.0 (VS2013)

END.
