#
# A fatal error has been detected by the Java Runtime Environment:
#
#  EXCEPTION_ACCESS_VIOLATION (0xc0000005) at pc=0x00007ff8faea7b30, pid=10724, tid=14092
#
# JRE version: Java(TM) SE Runtime Environment (10.0.1+10) (build 10.0.1+10)
# Java VM: Java HotSpot(TM) 64-Bit Server VM (10.0.1+10, mixed mode, tiered, compressed oops, g1 gc, windows-amd64)
# Problematic frame:
# C  [glass.dll+0x27b30]
#
# No core dump will be written. Minidumps are not enabled by default on client versions of Windows
#
# If you would like to submit a bug report, please visit:
#   http://bugreport.java.com/bugreport/crash.jsp
#

---------------  S U M M A R Y ------------

Command Line: -ea -Dfile.encoding=Cp1250 org.eclipse.jdt.internal.junit.runner.RemoteTestRunner -version 3 -port 55633 -testLoaderClass org.eclipse.jdt.internal.junit5.runner.JUnit5TestLoader -loaderpluginname org.eclipse.jdt.junit5.runtime -classNames test.ControllerUserTest

Host: Intel(R) Core(TM) i7-4600U CPU @ 2.10GHz, 4 cores, 7G,  Windows 10 , 64 bit Build 17134 (10.0.17134.1)
Time: Sat Jun 23 19:11:46 2018 ?rodkowoeuropejski czas letni elapsed time: 5 seconds (0d 0h 0m 5s)

---------------  T H R E A D  ---------------

Current thread (0x000001eea7f17800):  VMThread "VM Thread" [stack: 0x000000ac99700000,0x000000ac99800000] [id=14092]

Stack: [0x000000ac99700000,0x000000ac99800000],  sp=0x000000ac997fecf0,  free space=1019k
Native frames: (J=compiled Java code, j=interpreted, Vv=VM code, C=native code)
C  [glass.dll+0x27b30]


siginfo: EXCEPTION_ACCESS_VIOLATION (0xc0000005), reading address 0x0000000000000000


Register to memory mapping:

RIP=0x00007ff8faea7b30 glass.dll
RAX=0x0000000000000000 is an unknown value
RBX=0x000001eea7edbb40 is a global jni handle
RCX=0x000001eea7f17800 is an unknown value
RDX=0x000000ac997fecf0 is an unknown value
RSP=0x000000ac997fecf0 is an unknown value
RBP=0x000001eea9b38d08 is an unknown value
RSI=0x000001eea9b38ce0 is an unknown value
RDI=0x00001931293b6808 is an unknown value
R8 =0x0000000000010002 is an unknown value
R9 =0x0000000000000008 is an unknown value
R10=0x00001931293b6808 is an unknown value
R11=0x000000ac997fec00 is an unknown value
R12=0x0000000000000000 is an unknown value
R13=0x0000000000000040 is an unknown value
R14=0x000000ac997fee08 is an unknown value
R15=0x000001eea9b38ce0 is an unknown value


Registers:
RAX=0x0000000000000000, RBX=0x000001eea7edbb40, RCX=0x000001eea7f17800, RDX=0x000000ac997fecf0
RSP=0x000000ac997fecf0, RBP=0x000001eea9b38d08, RSI=0x000001eea9b38ce0, RDI=0x00001931293b6808
R8 =0x0000000000010002, R9 =0x0000000000000008, R10=0x00001931293b6808, R11=0x000000ac997fec00
R12=0x0000000000000000, R13=0x0000000000000040, R14=0x000000ac997fee08, R15=0x000001eea9b38ce0
RIP=0x00007ff8faea7b30, EFLAGS=0x0000000000010206

Top of Stack: (sp=0x000000ac997fecf0)
0x000000ac997fecf0:   0000000000000000 00007ff9164fe52b
0x000000ac997fed00:   000001eea9b38cf0 000001eea9b38cf0
0x000000ac997fed10:   fffffffffffffffe 000001eea9b38d08
0x000000ac997fed20:   000001eea9b38ce8 00007ff9164f7013
0x000000ac997fed30:   00007ff8faebd1a0 ffffffff00000000
0x000000ac997fed40:   0000e3956804346a 00007ff9144371f0
0x000000ac997fed50:   fffffffffffffffe 00007ff9164f72ad
0x000000ac997fed60:   0000000000000001 00007ff8fae80000
0x000000ac997fed70:   0000000000000000 00007ff8faea4b7c
0x000000ac997fed80:   000000ac997fedf8 00007ff9164fda67
0x000000ac997fed90:   0000000000000000 000000ac997fee08
0x000000ac997feda0:   000001eea7edb450 00007ff9165db090
0x000000ac997fedb0:   0000000000000000 00007ff9164f7204
0x000000ac997fedc0:   0000000000000000 0000000000000001
0x000000ac997fedd0:   000001eea9b37e00 000000ac997fedf8
0x000000ac997fede0:   0000000000000000 00007ff8faea49f2 

Instructions: (pc=0x00007ff8faea7b30)
0x00007ff8faea7b10:   40 53 48 83 ec 30 48 c7 44 24 20 fe ff ff ff 48
0x00007ff8faea7b20:   8b 1d ea 7f 01 00 48 85 db 74 16 e8 20 81 ff ff
0x00007ff8faea7b30:   4c 8b 00 48 8b d3 48 8b c8 41 ff 90 b0 00 00 00
0x00007ff8faea7b40:   90 48 83 c4 30 5b c3 cc cc cc cc cc cc cc cc cc 


VM_Operation (0x000000ac9aaf8a60): Exit, mode: safepoint, requested by thread 0x000001eea9901000


---------------  P R O C E S S  ---------------

Threads class SMR info:
_java_thread_list=0x000001eea9c5dc60, length=19, elements={
0x000001ee88793000, 0x000001eea7f1b000, 0x000001eea7f59000, 0x000001eea7f66800,
0x000001eea7f68800, 0x000001eea7f7e000, 0x000001eea7f84000, 0x000001eea7f85000,
0x000001eea88a3800, 0x000001eea88a5000, 0x000001eea88a6800, 0x000001eea88a4000,
0x000001eea88a0800, 0x000001eea88a6000, 0x000001eea9901000, 0x000001eea9901800,
0x000001eea9902800, 0x000001eea9904000, 0x000001eea9906800
}

Java Threads: ( => current thread )
  0x000001ee88793000 JavaThread "main" [_thread_blocked, id=5988, stack(0x000000ac98b00000,0x000000ac98c00000)]
  0x000001eea7f1b000 JavaThread "Reference Handler" daemon [_thread_blocked, id=11272, stack(0x000000ac99800000,0x000000ac99900000)]
  0x000001eea7f59000 JavaThread "Finalizer" daemon [_thread_blocked, id=4276, stack(0x000000ac99900000,0x000000ac99a00000)]
  0x000001eea7f66800 JavaThread "Signal Dispatcher" daemon [_thread_blocked, id=4760, stack(0x000000ac99a00000,0x000000ac99b00000)]
  0x000001eea7f68800 JavaThread "Attach Listener" daemon [_thread_blocked, id=3168, stack(0x000000ac99b00000,0x000000ac99c00000)]
  0x000001eea7f7e000 JavaThread "C2 CompilerThread0" daemon [_thread_blocked, id=8988, stack(0x000000ac99c00000,0x000000ac99d00000)]
  0x000001eea7f84000 JavaThread "C2 CompilerThread1" daemon [_thread_blocked, id=5420, stack(0x000000ac99d00000,0x000000ac99e00000)]
  0x000001eea7f85000 JavaThread "C1 CompilerThread2" daemon [_thread_blocked, id=4500, stack(0x000000ac99e00000,0x000000ac99f00000)]
  0x000001eea88a3800 JavaThread "Sweeper thread" daemon [_thread_blocked, id=6340, stack(0x000000ac99f00000,0x000000ac9a000000)]
  0x000001eea88a5000 JavaThread "Service Thread" daemon [_thread_blocked, id=11496, stack(0x000000ac9a000000,0x000000ac9a100000)]
  0x000001eea88a6800 JavaThread "Common-Cleaner" daemon [_thread_blocked, id=10044, stack(0x000000ac9a100000,0x000000ac9a200000)]
  0x000001eea88a4000 JavaThread "ReaderThread" [_thread_in_native, id=12232, stack(0x000000ac9a300000,0x000000ac9a400000)]
  0x000001eea88a0800 JavaThread "Java2D Disposer" daemon [_thread_blocked, id=6400, stack(0x000000ac9a500000,0x000000ac9a600000)]
  0x000001eea88a6000 JavaThread "InvokeLaterDispatcher" daemon [_thread_blocked, id=11412, stack(0x000000ac9a900000,0x000000ac9aa00000)]
  0x000001eea9901000 JavaThread "JavaFX Application Thread" [_thread_blocked, id=8696, stack(0x000000ac9aa00000,0x000000ac9ab00000)]
  0x000001eea9901800 JavaThread "Thread-2" daemon [_thread_in_native, id=8800, stack(0x000000ac9ae00000,0x000000ac9af00000)]
  0x000001eea9902800 JavaThread "Prism Font Disposer" daemon [_thread_blocked, id=2984, stack(0x000000ac9a400000,0x000000ac9a500000)]
  0x000001eea9904000 JavaThread "Cleaner-0" daemon [_thread_blocked, id=12128, stack(0x000000ac9b100000,0x000000ac9b200000)]
  0x000001eea9906800 JavaThread "AWT-Shutdown" [_thread_blocked, id=2672, stack(0x000000ac9b400000,0x000000ac9b500000)]

Other Threads:
=>0x000001eea7f17800 VMThread "VM Thread" [stack: 0x000000ac99700000,0x000000ac99800000] [id=14092]
  0x000001ee887ad000 GCTaskThread "GC Thread#0" [stack: 0x000000ac98c00000,0x000000ac98d00000] [id=11100]
  0x000001ee887af800 GCTaskThread "GC Thread#1" [stack: 0x000000ac98d00000,0x000000ac98e00000] [id=5032]
  0x000001ee887b3000 GCTaskThread "GC Thread#2" [stack: 0x000000ac98e00000,0x000000ac98f00000] [id=2228]
  0x000001ee887ba000 GCTaskThread "GC Thread#3" [stack: 0x000000ac98f00000,0x000000ac99000000] [id=11308]
  0x000001ee88825800 ConcurrentGCThread "G1 Main Marker" [stack: 0x000000ac99000000,0x000000ac99100000] [id=2968]
  0x000001ee8882c800 ConcurrentGCThread "G1 Conc#0" [stack: 0x000000ac99100000,0x000000ac99200000] [id=12460]
  0x000001eea7dd4800 ConcurrentGCThread "G1 Refine#0" [stack: 0x000000ac99200000,0x000000ac99300000] [id=14248]
  0x000001eea7dd5800 ConcurrentGCThread "G1 Refine#1" [stack: 0x000000ac99300000,0x000000ac99400000] [id=2232]
  0x000001eea7dd6800 ConcurrentGCThread "G1 Refine#2" [stack: 0x000000ac99400000,0x000000ac99500000] [id=10204]
  0x000001eea7dd9800 ConcurrentGCThread "G1 Refine#3" [stack: 0x000000ac99500000,0x000000ac99600000] [id=11748]
  0x000001eea7ddc800 ConcurrentGCThread "G1 Young RemSet Sampling" [stack: 0x000000ac99600000,0x000000ac99700000] [id=3296]

Threads with active compile tasks:

VM state:at safepoint (shutting down)

VM Mutex/Monitor currently owned by a thread:  ([mutex/lock_event])
[0x000001ee88791fd0] Threads_lock - owner thread: 0x000001eea7f17800

Heap address: 0x0000000081600000, size: 2026 MB, Compressed Oops mode: 32-bit
Narrow klass base: 0x0000000000000000, Narrow klass shift: 3
Compressed class space size: 1073741824 Address: 0x0000000100000000

Heap:
 garbage-first heap   total 131072K, used 18553K [0x0000000081600000, 0x0000000100000000)
  region size 1024K, 19 young (19456K), 6 survivors (6144K)
 Metaspace       used 27056K, capacity 28011K, committed 28416K, reserved 1073152K
  class space    used 3570K, capacity 4039K, committed 4096K, reserved 1048576K
Heap Regions: E=young(eden), S=young(survivor), O=old, HS=humongous(starts), HC=humongous(continues), CS=collection set, F=free, A=archive, TS=gc time stamp, AC=allocation context, TAMS=top-at-mark-start (previous, next)
|   0|0x0000000081600000, 0x0000000081671800, 0x0000000081700000| 44%| O|  |TS  0|AC  0|TAMS 0x0000000081671800, 0x0000000081671800|
|   1|0x0000000081700000, 0x0000000081700000, 0x0000000081800000|  0%| F|  |TS  0|AC  0|TAMS 0x0000000081700000, 0x0000000081700000|
|   2|0x0000000081800000, 0x0000000081800000, 0x0000000081900000|  0%| F|  |TS  0|AC  0|TAMS 0x0000000081800000, 0x0000000081800000|
|   3|0x0000000081900000, 0x0000000081900000, 0x0000000081a00000|  0%| F|  |TS  0|AC  0|TAMS 0x0000000081900000, 0x0000000081900000|
|   4|0x0000000081a00000, 0x0000000081a00000, 0x0000000081b00000|  0%| F|  |TS  0|AC  0|TAMS 0x0000000081a00000, 0x0000000081a00000|
|   5|0x0000000081b00000, 0x0000000081b00000, 0x0000000081c00000|  0%| F|  |TS  0|AC  0|TAMS 0x0000000081b00000, 0x0000000081b00000|
|   6|0x0000000081c00000, 0x0000000081c00000, 0x0000000081d00000|  0%| F|  |TS  0|AC  0|TAMS 0x0000000081c00000, 0x0000000081c00000|
|   7|0x0000000081d00000, 0x0000000081d00000, 0x0000000081e00000|  0%| F|  |TS  0|AC  0|TAMS 0x0000000081d00000, 0x0000000081d00000|
|   8|0x0000000081e00000, 0x0000000081e00000, 0x0000000081f00000|  0%| F|  |TS  0|AC  0|TAMS 0x0000000081e00000, 0x0000000081e00000|
|   9|0x0000000081f00000, 0x0000000081f00000, 0x0000000082000000|  0%| F|  |TS  0|AC  0|TAMS 0x0000000081f00000, 0x0000000081f00000|
|  10|0x0000000082000000, 0x0000000082000000, 0x0000000082100000|  0%| F|  |TS  0|AC  0|TAMS 0x0000000082000000, 0x0000000082000000|
|  11|0x0000000082100000, 0x0000000082100000, 0x0000000082200000|  0%| F|  |TS  0|AC  0|TAMS 0x0000000082100000, 0x0000000082100000|
|  12|0x0000000082200000, 0x0000000082200000, 0x0000000082300000|  0%| F|  |TS  0|AC  0|TAMS 0x0000000082200000, 0x0000000082200000|
|  13|0x0000000082300000, 0x0000000082300000, 0x0000000082400000|  0%| F|  |TS  0|AC  0|TAMS 0x0000000082300000, 0x0000000082300000|
|  14|0x0000000082400000, 0x0000000082400000, 0x0000000082500000|  0%| F|  |TS  0|AC  0|TAMS 0x0000000082400000, 0x0000000082400000|
|  15|0x0000000082500000, 0x0000000082500000, 0x0000000082600000|  0%| F|  |TS  0|AC  0|TAMS 0x0000000082500000, 0x0000000082500000|
|  16|0x0000000082600000, 0x0000000082600000, 0x0000000082700000|  0%| F|  |TS  0|AC  0|TAMS 0x0000000082600000, 0x0000000082600000|
|  17|0x0000000082700000, 0x0000000082700000, 0x0000000082800000|  0%| F|  |TS  0|AC  0|TAMS 0x0000000082700000, 0x0000000082700000|
|  18|0x0000000082800000, 0x0000000082800000, 0x0000000082900000|  0%| F|  |TS  0|AC  0|TAMS 0x0000000082800000, 0x0000000082800000|
|  19|0x0000000082900000, 0x0000000082900000, 0x0000000082a00000|  0%| F|  |TS  0|AC  0|TAMS 0x0000000082900000, 0x0000000082900000|
|  20|0x0000000082a00000, 0x0000000082a00000, 0x0000000082b00000|  0%| F|  |TS  0|AC  0|TAMS 0x0000000082a00000, 0x0000000082a00000|
|  21|0x0000000082b00000, 0x0000000082b00000, 0x0000000082c00000|  0%| F|  |TS  0|AC  0|TAMS 0x0000000082b00000, 0x0000000082b00000|
|  22|0x0000000082c00000, 0x0000000082c00000, 0x0000000082d00000|  0%| F|  |TS  0|AC  0|TAMS 0x0000000082c00000, 0x0000000082c00000|
|  23|0x0000000082d00000, 0x0000000082d00000, 0x0000000082e00000|  0%| F|  |TS  0|AC  0|TAMS 0x0000000082d00000, 0x0000000082d00000|
|  24|0x0000000082e00000, 0x0000000082e00000, 0x0000000082f00000|  0%| F|  |TS  0|AC  0|TAMS 0x0000000082e00000, 0x0000000082e00000|
|  25|0x0000000082f00000, 0x0000000082f00000, 0x0000000083000000|  0%| F|  |TS  0|AC  0|TAMS 0x0000000082f00000, 0x0000000082f00000|
|  26|0x0000000083000000, 0x0000000083000000, 0x0000000083100000|  0%| F|  |TS  0|AC  0|TAMS 0x0000000083000000, 0x0000000083000000|
|  27|0x0000000083100000, 0x0000000083100000, 0x0000000083200000|  0%| F|  |TS  0|AC  0|TAMS 0x0000000083100000, 0x0000000083100000|
|  28|0x0000000083200000, 0x0000000083200000, 0x0000000083300000|  0%| F|  |TS  0|AC  0|TAMS 0x0000000083200000, 0x0000000083200000|
|  29|0x0000000083300000, 0x0000000083300000, 0x0000000083400000|  0%| F|  |TS  0|AC  0|TAMS 0x0000000083300000, 0x0000000083300000|
|  30|0x0000000083400000, 0x0000000083400000, 0x0000000083500000|  0%| F|  |TS  0|AC  0|TAMS 0x0000000083400000, 0x0000000083400000|
|  31|0x0000000083500000, 0x0000000083500000, 0x0000000083600000|  0%| F|  |TS  0|AC  0|TAMS 0x0000000083500000, 0x0000000083500000|
|  32|0x0000000083600000, 0x0000000083600000, 0x0000000083700000|  0%| F|  |TS  0|AC  0|TAMS 0x0000000083600000, 0x0000000083600000|
|  33|0x0000000083700000, 0x0000000083700000, 0x0000000083800000|  0%| F|  |TS  0|AC  0|TAMS 0x0000000083700000, 0x0000000083700000|
|  34|0x0000000083800000, 0x0000000083800000, 0x0000000083900000|  0%| F|  |TS  0|AC  0|TAMS 0x0000000083800000, 0x0000000083800000|
|  35|0x0000000083900000, 0x0000000083900000, 0x0000000083a00000|  0%| F|  |TS  0|AC  0|TAMS 0x0000000083900000, 0x0000000083900000|
|  36|0x0000000083a00000, 0x0000000083a00000, 0x0000000083b00000|  0%| F|  |TS  0|AC  0|TAMS 0x0000000083a00000, 0x0000000083a00000|
|  37|0x0000000083b00000, 0x0000000083b00000, 0x0000000083c00000|  0%| F|  |TS  0|AC  0|TAMS 0x0000000083b00000, 0x0000000083b00000|
|  38|0x0000000083c00000, 0x0000000083c00000, 0x0000000083d00000|  0%| F|  |TS  0|AC  0|TAMS 0x0000000083c00000, 0x0000000083c00000|
|  39|0x0000000083d00000, 0x0000000083d00000, 0x0000000083e00000|  0%| F|  |TS  0|AC  0|TAMS 0x0000000083d00000, 0x0000000083d00000|
|  40|0x0000000083e00000, 0x0000000083e00000, 0x0000000083f00000|  0%| F|  |TS  0|AC  0|TAMS 0x0000000083e00000, 0x0000000083e00000|
|  41|0x0000000083f00000, 0x0000000083f00000, 0x0000000084000000|  0%| F|  |TS  0|AC  0|TAMS 0x0000000083f00000, 0x0000000083f00000|
|  42|0x0000000084000000, 0x0000000084000000, 0x0000000084100000|  0%| F|  |TS  0|AC  0|TAMS 0x0000000084000000, 0x0000000084000000|
|  43|0x0000000084100000, 0x0000000084100000, 0x0000000084200000|  0%| F|  |TS  0|AC  0|TAMS 0x0000000084100000, 0x0000000084100000|
|  44|0x0000000084200000, 0x0000000084200000, 0x0000000084300000|  0%| F|  |TS  0|AC  0|TAMS 0x0000000084200000, 0x0000000084200000|
|  45|0x0000000084300000, 0x0000000084300000, 0x0000000084400000|  0%| F|  |TS  0|AC  0|TAMS 0x0000000084300000, 0x0000000084300000|
|  46|0x0000000084400000, 0x0000000084400000, 0x0000000084500000|  0%| F|  |TS  0|AC  0|TAMS 0x0000000084400000, 0x0000000084400000|
|  47|0x0000000084500000, 0x0000000084500000, 0x0000000084600000|  0%| F|  |TS  0|AC  0|TAMS 0x0000000084500000, 0x0000000084500000|
|  48|0x0000000084600000, 0x0000000084600000, 0x0000000084700000|  0%| F|  |TS  0|AC  0|TAMS 0x0000000084600000, 0x0000000084600000|
|  49|0x0000000084700000, 0x0000000084700000, 0x0000000084800000|  0%| F|  |TS  0|AC  0|TAMS 0x0000000084700000, 0x0000000084700000|
|  50|0x0000000084800000, 0x0000000084800000, 0x0000000084900000|  0%| F|  |TS  0|AC  0|TAMS 0x0000000084800000, 0x0000000084800000|
|  51|0x0000000084900000, 0x0000000084900000, 0x0000000084a00000|  0%| F|  |TS  0|AC  0|TAMS 0x0000000084900000, 0x0000000084900000|
|  52|0x0000000084a00000, 0x0000000084a00000, 0x0000000084b00000|  0%| F|  |TS  0|AC  0|TAMS 0x0000000084a00000, 0x0000000084a00000|
|  53|0x0000000084b00000, 0x0000000084b00000, 0x0000000084c00000|  0%| F|  |TS  0|AC  0|TAMS 0x0000000084b00000, 0x0000000084b00000|
|  54|0x0000000084c00000, 0x0000000084c00000, 0x0000000084d00000|  0%| F|  |TS  0|AC  0|TAMS 0x0000000084c00000, 0x0000000084c00000|
|  55|0x0000000084d00000, 0x0000000084d00000, 0x0000000084e00000|  0%| F|  |TS  0|AC  0|TAMS 0x0000000084d00000, 0x0000000084d00000|
|  56|0x0000000084e00000, 0x0000000084e00000, 0x0000000084f00000|  0%| F|  |TS  0|AC  0|TAMS 0x0000000084e00000, 0x0000000084e00000|
|  57|0x0000000084f00000, 0x0000000084f00000, 0x0000000085000000|  0%| F|  |TS  0|AC  0|TAMS 0x0000000084f00000, 0x0000000084f00000|
|  58|0x0000000085000000, 0x0000000085000000, 0x0000000085100000|  0%| F|  |TS  0|AC  0|TAMS 0x0000000085000000, 0x0000000085000000|
|  59|0x0000000085100000, 0x0000000085100000, 0x0000000085200000|  0%| F|  |TS  0|AC  0|TAMS 0x0000000085100000, 0x0000000085100000|
|  60|0x0000000085200000, 0x0000000085200000, 0x0000000085300000|  0%| F|  |TS  0|AC  0|TAMS 0x0000000085200000, 0x0000000085200000|
|  61|0x0000000085300000, 0x0000000085300000, 0x0000000085400000|  0%| F|  |TS  0|AC  0|TAMS 0x0000000085300000, 0x0000000085300000|
|  62|0x0000000085400000, 0x0000000085400000, 0x0000000085500000|  0%| F|  |TS  0|AC  0|TAMS 0x0000000085400000, 0x0000000085400000|
|  63|0x0000000085500000, 0x0000000085500000, 0x0000000085600000|  0%| F|  |TS  0|AC  0|TAMS 0x0000000085500000, 0x0000000085500000|
|  64|0x0000000085600000, 0x0000000085600000, 0x0000000085700000|  0%| F|  |TS  0|AC  0|TAMS 0x0000000085600000, 0x0000000085600000|
|  65|0x0000000085700000, 0x0000000085700000, 0x0000000085800000|  0%| F|  |TS  0|AC  0|TAMS 0x0000000085700000, 0x0000000085700000|
|  66|0x0000000085800000, 0x0000000085800000, 0x0000000085900000|  0%| F|  |TS  0|AC  0|TAMS 0x0000000085800000, 0x0000000085800000|
|  67|0x0000000085900000, 0x0000000085900000, 0x0000000085a00000|  0%| F|  |TS  0|AC  0|TAMS 0x0000000085900000, 0x0000000085900000|
|  68|0x0000000085a00000, 0x0000000085a00000, 0x0000000085b00000|  0%| F|  |TS  0|AC  0|TAMS 0x0000000085a00000, 0x0000000085a00000|
|  69|0x0000000085b00000, 0x0000000085b00000, 0x0000000085c00000|  0%| F|  |TS  0|AC  0|TAMS 0x0000000085b00000, 0x0000000085b00000|
|  70|0x0000000085c00000, 0x0000000085c00000, 0x0000000085d00000|  0%| F|  |TS  0|AC  0|TAMS 0x0000000085c00000, 0x0000000085c00000|
|  71|0x0000000085d00000, 0x0000000085d00000, 0x0000000085e00000|  0%| F|  |TS  0|AC  0|TAMS 0x0000000085d00000, 0x0000000085d00000|
|  72|0x0000000085e00000, 0x0000000085e00000, 0x0000000085f00000|  0%| F|  |TS  0|AC  0|TAMS 0x0000000085e00000, 0x0000000085e00000|
|  73|0x0000000085f00000, 0x0000000085f00000, 0x0000000086000000|  0%| F|  |TS  0|AC  0|TAMS 0x0000000085f00000, 0x0000000085f00000|
|  74|0x0000000086000000, 0x0000000086000000, 0x0000000086100000|  0%| F|  |TS  0|AC  0|TAMS 0x0000000086000000, 0x0000000086000000|
|  75|0x0000000086100000, 0x0000000086100000, 0x0000000086200000|  0%| F|  |TS  0|AC  0|TAMS 0x0000000086100000, 0x0000000086100000|
|  76|0x0000000086200000, 0x0000000086200000, 0x0000000086300000|  0%| F|  |TS  0|AC  0|TAMS 0x0000000086200000, 0x0000000086200000|
|  77|0x0000000086300000, 0x0000000086300000, 0x0000000086400000|  0%| F|  |TS  0|AC  0|TAMS 0x0000000086300000, 0x0000000086300000|
|  78|0x0000000086400000, 0x0000000086400000, 0x0000000086500000|  0%| F|  |TS  0|AC  0|TAMS 0x0000000086400000, 0x0000000086400000|
|  79|0x0000000086500000, 0x0000000086500000, 0x0000000086600000|  0%| F|  |TS  0|AC  0|TAMS 0x0000000086500000, 0x0000000086500000|
|  80|0x0000000086600000, 0x0000000086600000, 0x0000000086700000|  0%| F|  |TS  0|AC  0|TAMS 0x0000000086600000, 0x0000000086600000|
|  81|0x0000000086700000, 0x0000000086700000, 0x0000000086800000|  0%| F|  |TS  0|AC  0|TAMS 0x0000000086700000, 0x0000000086700000|
|  82|0x0000000086800000, 0x0000000086800000, 0x0000000086900000|  0%| F|  |TS  0|AC  0|TAMS 0x0000000086800000, 0x0000000086800000|
|  83|0x0000000086900000, 0x0000000086900000, 0x0000000086a00000|  0%| F|  |TS  0|AC  0|TAMS 0x0000000086900000, 0x0000000086900000|
|  84|0x0000000086a00000, 0x0000000086a00000, 0x0000000086b00000|  0%| F|  |TS  0|AC  0|TAMS 0x0000000086a00000, 0x0000000086a00000|
|  85|0x0000000086b00000, 0x0000000086b00000, 0x0000000086c00000|  0%| F|  |TS  0|AC  0|TAMS 0x0000000086b00000, 0x0000000086b00000|
|  86|0x0000000086c00000, 0x0000000086c00000, 0x0000000086d00000|  0%| F|  |TS  0|AC  0|TAMS 0x0000000086c00000, 0x0000000086c00000|
|  87|0x0000000086d00000, 0x0000000086d00000, 0x0000000086e00000|  0%| F|  |TS  0|AC  0|TAMS 0x0000000086d00000, 0x0000000086d00000|
|  88|0x0000000086e00000, 0x0000000086e00000, 0x0000000086f00000|  0%| F|  |TS  0|AC  0|TAMS 0x0000000086e00000, 0x0000000086e00000|
|  89|0x0000000086f00000, 0x0000000086f00000, 0x0000000087000000|  0%| F|  |TS  0|AC  0|TAMS 0x0000000086f00000, 0x0000000086f00000|
|  90|0x0000000087000000, 0x0000000087000000, 0x0000000087100000|  0%| F|  |TS  0|AC  0|TAMS 0x0000000087000000, 0x0000000087000000|
|  91|0x0000000087100000, 0x0000000087100000, 0x0000000087200000|  0%| F|  |TS  0|AC  0|TAMS 0x0000000087100000, 0x0000000087100000|
|  92|0x0000000087200000, 0x0000000087200000, 0x0000000087300000|  0%| F|  |TS  0|AC  0|TAMS 0x0000000087200000, 0x0000000087200000|
|  93|0x0000000087300000, 0x0000000087300000, 0x0000000087400000|  0%| F|  |TS  0|AC  0|TAMS 0x0000000087300000, 0x0000000087300000|
|  94|0x0000000087400000, 0x0000000087400000, 0x0000000087500000|  0%| F|  |TS  0|AC  0|TAMS 0x0000000087400000, 0x0000000087400000|
|  95|0x0000000087500000, 0x0000000087500000, 0x0000000087600000|  0%| F|  |TS  0|AC  0|TAMS 0x0000000087500000, 0x0000000087500000|
|  96|0x0000000087600000, 0x0000000087600000, 0x0000000087700000|  0%| F|  |TS  0|AC  0|TAMS 0x0000000087600000, 0x0000000087600000|
|  97|0x0000000087700000, 0x0000000087700000, 0x0000000087800000|  0%| F|  |TS  0|AC  0|TAMS 0x0000000087700000, 0x0000000087700000|
|  98|0x0000000087800000, 0x0000000087800000, 0x0000000087900000|  0%| F|  |TS  0|AC  0|TAMS 0x0000000087800000, 0x0000000087800000|
|  99|0x0000000087900000, 0x0000000087900000, 0x0000000087a00000|  0%| F|  |TS  0|AC  0|TAMS 0x0000000087900000, 0x0000000087900000|
| 100|0x0000000087a00000, 0x0000000087a00000, 0x0000000087b00000|  0%| F|  |TS  0|AC  0|TAMS 0x0000000087a00000, 0x0000000087a00000|
| 101|0x0000000087b00000, 0x0000000087bacfc0, 0x0000000087c00000| 67%| S|CS|TS  0|AC  0|TAMS 0x0000000087b00000, 0x0000000087b00000|
| 102|0x0000000087c00000, 0x0000000087d00000, 0x0000000087d00000|100%| S|CS|TS  0|AC  0|TAMS 0x0000000087c00000, 0x0000000087c00000|
| 103|0x0000000087d00000, 0x0000000087e00000, 0x0000000087e00000|100%| S|CS|TS  0|AC  0|TAMS 0x0000000087d00000, 0x0000000087d00000|
| 104|0x0000000087e00000, 0x0000000087f00000, 0x0000000087f00000|100%| S|CS|TS  0|AC  0|TAMS 0x0000000087e00000, 0x0000000087e00000|
| 105|0x0000000087f00000, 0x0000000088000000, 0x0000000088000000|100%| S|CS|TS  0|AC  0|TAMS 0x0000000087f00000, 0x0000000087f00000|
| 106|0x0000000088000000, 0x0000000088100000, 0x0000000088100000|100%| S|CS|TS  0|AC  0|TAMS 0x0000000088000000, 0x0000000088000000|
| 107|0x0000000088100000, 0x0000000088100000, 0x0000000088200000|  0%| F|  |TS  0|AC  0|TAMS 0x0000000088100000, 0x0000000088100000|
| 108|0x0000000088200000, 0x0000000088200000, 0x0000000088300000|  0%| F|  |TS  0|AC  0|TAMS 0x0000000088200000, 0x0000000088200000|
| 109|0x0000000088300000, 0x0000000088300000, 0x0000000088400000|  0%| F|  |TS  0|AC  0|TAMS 0x0000000088300000, 0x0000000088300000|
| 110|0x0000000088400000, 0x0000000088400000, 0x0000000088500000|  0%| F|  |TS  0|AC  0|TAMS 0x0000000088400000, 0x0000000088400000|
| 111|0x0000000088500000, 0x0000000088500000, 0x0000000088600000|  0%| F|  |TS  0|AC  0|TAMS 0x0000000088500000, 0x0000000088500000|
| 112|0x0000000088600000, 0x0000000088600000, 0x0000000088700000|  0%| F|  |TS  0|AC  0|TAMS 0x0000000088600000, 0x0000000088600000|
| 113|0x0000000088700000, 0x0000000088700000, 0x0000000088800000|  0%| F|  |TS  0|AC  0|TAMS 0x0000000088700000, 0x0000000088700000|
| 114|0x0000000088800000, 0x0000000088800000, 0x0000000088900000|  0%| F|  |TS  0|AC  0|TAMS 0x0000000088800000, 0x0000000088800000|
| 115|0x0000000088900000, 0x00000000889db468, 0x0000000088a00000| 85%| E|  |TS  0|AC  0|TAMS 0x0000000088900000, 0x0000000088900000|
| 116|0x0000000088a00000, 0x0000000088b00000, 0x0000000088b00000|100%| E|CS|TS  0|AC  0|TAMS 0x0000000088a00000, 0x0000000088a00000|
| 117|0x0000000088b00000, 0x0000000088c00000, 0x0000000088c00000|100%| E|CS|TS  0|AC  0|TAMS 0x0000000088b00000, 0x0000000088b00000|
| 118|0x0000000088c00000, 0x0000000088d00000, 0x0000000088d00000|100%| E|CS|TS  0|AC  0|TAMS 0x0000000088c00000, 0x0000000088c00000|
| 119|0x0000000088d00000, 0x0000000088e00000, 0x0000000088e00000|100%| E|CS|TS  0|AC  0|TAMS 0x0000000088d00000, 0x0000000088d00000|
| 120|0x0000000088e00000, 0x0000000088f00000, 0x0000000088f00000|100%| E|CS|TS  0|AC  0|TAMS 0x0000000088e00000, 0x0000000088e00000|
| 121|0x0000000088f00000, 0x0000000089000000, 0x0000000089000000|100%| E|CS|TS  0|AC  0|TAMS 0x0000000088f00000, 0x0000000088f00000|
| 122|0x0000000089000000, 0x0000000089100000, 0x0000000089100000|100%| E|CS|TS  0|AC  0|TAMS 0x0000000089000000, 0x0000000089000000|
| 123|0x0000000089100000, 0x0000000089200000, 0x0000000089200000|100%| E|CS|TS  0|AC  0|TAMS 0x0000000089100000, 0x0000000089100000|
| 124|0x0000000089200000, 0x0000000089300000, 0x0000000089300000|100%| E|CS|TS  0|AC  0|TAMS 0x0000000089200000, 0x0000000089200000|
| 125|0x0000000089300000, 0x0000000089400000, 0x0000000089400000|100%| E|CS|TS  0|AC  0|TAMS 0x0000000089300000, 0x0000000089300000|
| 126|0x0000000089400000, 0x0000000089500000, 0x0000000089500000|100%| E|CS|TS  0|AC  0|TAMS 0x0000000089400000, 0x0000000089400000|
| 127|0x0000000089500000, 0x0000000089600000, 0x0000000089600000|100%| E|CS|TS  0|AC  0|TAMS 0x0000000089500000, 0x0000000089500000|

Card table byte_map: [0x000001eea1170000,0x000001eea1570000] byte_map_base: 0x000001eea0d65000

Marking Bits (Prev, Next): (CMBitMap*) 0x000001ee88824fe8, (CMBitMap*) 0x000001ee88824fb0
 Prev Bits: [0x000001eea3920000, 0x000001eea58c8000)
 Next Bits: [0x000001eea1970000, 0x000001eea3918000)

Polling page: 0x000001ee88750000

CodeHeap 'non-profiled nmethods': size=120064Kb used=1178Kb max_used=1178Kb free=118885Kb
 bounds [0x000001ee99210000, 0x000001ee99480000, 0x000001eea0750000]
CodeHeap 'profiled nmethods': size=120000Kb used=5073Kb max_used=5073Kb free=114926Kb
 bounds [0x000001ee91ce0000, 0x000001ee921e0000, 0x000001ee99210000]
CodeHeap 'non-nmethods': size=5696Kb used=1352Kb max_used=1398Kb free=4343Kb
 bounds [0x000001ee91750000, 0x000001ee919c0000, 0x000001ee91ce0000]
 total_blobs=3896 nmethods=2609 adapters=701
 compilation: enabled

Compilation events (10 events):
Event: 4.864 Thread 0x000001eea7f85000 2606       1       java.util.concurrent.locks.AbstractOwnableSynchronizer::setExclusiveOwnerThread (6 bytes)
Event: 4.864 Thread 0x000001eea7f85000 nmethod 2606 0x000001ee99336790 code [0x000001ee99336940, 0x000001ee99336a98]
Event: 4.865 Thread 0x000001eea7f85000 2607       3       javafx.scene.Node$$Lambda$263/95087979::changed (17 bytes)
Event: 4.867 Thread 0x000001eea7f85000 nmethod 2607 0x000001ee921d0610 code [0x000001ee921d08a0, 0x000001ee921d16c0]
Event: 4.867 Thread 0x000001eea7f85000 2608       3       javafx.scene.Node::lambda$new$2 (5 bytes)
Event: 4.869 Thread 0x000001eea7f85000 nmethod 2608 0x000001ee921d1b10 code [0x000001ee921d1d80, 0x000001ee921d2960]
Event: 4.870 Thread 0x000001eea7f85000 2609       3       java.lang.invoke.VarForm::getMemberName (21 bytes)
Event: 4.871 Thread 0x000001eea7f85000 nmethod 2609 0x000001ee921d2d10 code [0x000001ee921d2ee0, 0x000001ee921d3170]
Event: 4.872 Thread 0x000001eea7f85000 2610   !   3       java.util.logging.LogManager::ensureLogManagerInitialized (144 bytes)
Event: 4.873 Thread 0x000001eea7f85000 nmethod 2610 0x000001ee921d3290 code [0x000001ee921d3540, 0x000001ee921d4280]

GC Heap History (4 events):
Event: 0.514 GC heap before
{Heap before GC invocations=0 (full 0):
 garbage-first heap   total 131072K, used 14336K [0x0000000081600000, 0x0000000100000000)
  region size 1024K, 14 young (14336K), 0 survivors (0K)
 Metaspace       used 10535K, capacity 10862K, committed 11008K, reserved 1058816K
  class space    used 1100K, capacity 1207K, committed 1280K, reserved 1048576K
}
Event: 0.518 GC heap after
{Heap after GC invocations=1 (full 0):
 garbage-first heap   total 131072K, used 2502K [0x0000000081600000, 0x0000000100000000)
  region size 1024K, 2 young (2048K), 2 survivors (2048K)
 Metaspace       used 10535K, capacity 10862K, committed 11008K, reserved 1058816K
  class space    used 1100K, capacity 1207K, committed 1280K, reserved 1048576K
}
Event: 1.163 GC heap before
{Heap before GC invocations=1 (full 0):
 garbage-first heap   total 131072K, used 20934K [0x0000000081600000, 0x0000000100000000)
  region size 1024K, 21 young (21504K), 2 survivors (2048K)
 Metaspace       used 20514K, capacity 21071K, committed 21296K, reserved 1069056K
  class space    used 2410K, capacity 2657K, committed 2688K, reserved 1048576K
}
Event: 1.173 GC heap after
{Heap after GC invocations=2 (full 0):
 garbage-first heap   total 131072K, used 6265K [0x0000000081600000, 0x0000000100000000)
  region size 1024K, 6 young (6144K), 6 survivors (6144K)
 Metaspace       used 20514K, capacity 21071K, committed 21296K, reserved 1069056K
  class space    used 2410K, capacity 2657K, committed 2688K, reserved 1048576K
}

Deoptimization events (10 events):
Event: 1.243 Thread 0x000001eea9901000 Uncommon trap: reason=unstable_if action=reinterpret pc=0x000001ee992acd78 method=java.util.HashMap.hash(Ljava/lang/Object;)I @ 1 c2
Event: 1.254 Thread 0x000001eea9901000 Uncommon trap: reason=unstable_if action=reinterpret pc=0x000001ee992a70ac method=java.util.HashMap.hash(Ljava/lang/Object;)I @ 1 c2
Event: 1.269 Thread 0x000001eea9901000 Uncommon trap: reason=unstable_if action=reinterpret pc=0x000001ee99218bd4 method=java.lang.StringLatin1.canEncode(I)Z @ 4 c2
Event: 1.271 Thread 0x000001eea9901000 Uncommon trap: reason=unstable_if action=reinterpret pc=0x000001ee9929df94 method=java.util.Arrays.equals([Ljava/lang/Object;[Ljava/lang/Object;)Z @ 23 c2
Event: 1.272 Thread 0x000001eea9901000 Uncommon trap: reason=unstable_if action=reinterpret pc=0x000001ee992906bc method=java.nio.Buffer.position(I)Ljava/nio/Buffer; @ 45 c2
Event: 1.493 Thread 0x000001eea9901000 Uncommon trap: reason=unstable_if action=reinterpret pc=0x000001ee992296fc method=java.lang.String.hashCode()I @ 22 c2
Event: 1.493 Thread 0x000001eea9901000 Uncommon trap: reason=unstable_if action=reinterpret pc=0x000001ee99219f60 method=java.lang.CharacterData.of(I)Ljava/lang/CharacterData; @ 4 c2
Event: 1.495 Thread 0x000001eea9901000 Uncommon trap: reason=unstable_if action=reinterpret pc=0x000001ee9922de7c method=java.lang.String.indexOf(II)I @ 4 c2
Event: 1.495 Thread 0x000001eea9901000 Uncommon trap: reason=unstable_if action=reinterpret pc=0x000001ee9925d6a0 method=java.lang.String.indexOf(II)I @ 4 c2
Event: 1.680 Thread 0x000001eea9901000 Uncommon trap: reason=unstable_if action=reinterpret pc=0x000001ee992a170c method=java.util.concurrent.ConcurrentHashMap.putVal(Ljava/lang/Object;Ljava/lang/Object;Z)Ljava/lang/Object; @ 148 c2

Classes redefined (0 events):
No events

Internal exceptions (10 events):
Event: 1.385 Thread 0x000001eea9901000 Exception <a 'java/lang/ClassNotFoundException'{0x00000000893d6cc0}: com/sun/javafx/scene/control/skin/resources/controls_pl_PL> (0x00000000893d6cc0) thrown at [t:/workspace/open/src/hotspot/share/prims/jni.cpp, line 632]
Event: 1.426 Thread 0x000001eea9901000 Exception <a 'java/lang/NoSuchMethodError'{0x0000000089109c68}: java.lang.invoke.DirectMethodHandle$Holder.invokeStatic(Ljava/lang/Object;Ljava/lang/Object;Ljava/lang/Object;Ljava/lang/Object;Ljava/lang/Object;)V> (0x0000000089109c68) thrown at [t:/worksp
Event: 1.445 Thread 0x000001eea9901000 Exception <a 'java/lang/NoSuchMethodError'{0x000000008917b0c0}: java.lang.invoke.DirectMethodHandle$Holder.invokeInterface(Ljava/lang/Object;Ljava/lang/Object;Ljava/lang/Object;)Ljava/lang/Object;> (0x000000008917b0c0) thrown at [t:/workspace/open/src/hot
Event: 1.446 Thread 0x000001eea9901000 Exception <a 'java/lang/IncompatibleClassChangeError'{0x000000008917e220}: Found class java.lang.Object, but interface was expected> (0x000000008917e220) thrown at [t:/workspace/open/src/hotspot/share/interpreter/linkResolver.cpp, line 807]
Event: 1.510 Thread 0x000001eea9901000 Exception <a 'java/io/FileNotFoundException'{0x00000000890cf010}> (0x00000000890cf010) thrown at [t:/workspace/open/src/hotspot/share/prims/jni.cpp, line 611]
Event: 1.642 Thread 0x000001eea9901000 Exception <a 'java/lang/NoSuchMethodError'{0x0000000088ee0538}: method resolution failed> (0x0000000088ee0538) thrown at [t:/workspace/open/src/hotspot/share/prims/methodHandles.cpp, line 1226]
Event: 1.643 Thread 0x000001eea9901000 Exception <a 'java/lang/NoSuchMethodError'{0x0000000088ee7758}: java.lang.invoke.DirectMethodHandle$Holder.invokeStatic(Ljava/lang/Object;Ljava/lang/Object;Ljava/lang/Object;II)Ljava/lang/Object;> (0x0000000088ee7758) thrown at [t:/workspace/open/src/hots
Event: 1.643 Thread 0x000001eea9901000 Exception <a 'java/lang/NoSuchMethodError'{0x0000000088eeb0f0}: java.lang.invoke.DirectMethodHandle$Holder.invokeSpecial(Ljava/lang/Object;Ljava/lang/Object;Ljava/lang/Object;Ljava/lang/Object;II)Ljava/lang/Object;> (0x0000000088eeb0f0) thrown at [t:/work
Event: 2.693 Thread 0x000001eea9901000 Exception <a 'java/net/ConnectException'{0x0000000088d888f0}: Connection refused: connect> (0x0000000088d888f0) thrown at [t:/workspace/open/src/hotspot/share/prims/jni.cpp, line 632]
Event: 2.801 Thread 0x000001eea9901000 Exception <a 'java/lang/NoSuchMethodError'{0x0000000088c3ed98}: method resolution failed> (0x0000000088c3ed98) thrown at [t:/workspace/open/src/hotspot/share/prims/methodHandles.cpp, line 1226]

Events (10 events):
Event: 4.872 Thread 0x000001eea9906800 Thread added: 0x000001eea9906800
Event: 4.872 Thread 0x000001eea9903000 Thread exited: 0x000001eea9903000
Event: 4.874 Executing VM operation: RevokeBias
Event: 4.874 Executing VM operation: RevokeBias done
Event: 4.874 Thread 0x000001eea88a2000 Thread exited: 0x000001eea88a2000
Event: 4.887 Executing VM operation: RevokeBias
Event: 4.887 Executing VM operation: RevokeBias done
Event: 4.887 Thread 0x000001eea88a2800 Thread exited: 0x000001eea88a2800
Event: 4.988 Thread 0x000001eea9900000 Thread exited: 0x000001eea9900000
Event: 4.989 Executing VM operation: Exit


Dynamic libraries:
0x00007ff79f930000 - 0x00007ff79f96e000 	C:\Program Files\Java\jre-10.0.1\bin\javaw.exe
0x00007ff919160000 - 0x00007ff919341000 	C:\WINDOWS\SYSTEM32\ntdll.dll
0x00007ff8ed6c0000 - 0x00007ff8ed6f4000 	C:\Program Files\AVAST Software\Avast\x64\aswhooka.dll
0x00007ff918960000 - 0x00007ff918a12000 	C:\WINDOWS\System32\KERNEL32.DLL
0x00007ff915530000 - 0x00007ff9157a3000 	C:\WINDOWS\System32\KERNELBASE.dll
0x00007ff916b20000 - 0x00007ff916bc1000 	C:\WINDOWS\System32\ADVAPI32.dll
0x00007ff9180b0000 - 0x00007ff91814e000 	C:\WINDOWS\System32\msvcrt.dll
0x00007ff918210000 - 0x00007ff91826b000 	C:\WINDOWS\System32\sechost.dll
0x00007ff918470000 - 0x00007ff918594000 	C:\WINDOWS\System32\RPCRT4.dll
0x00007ff918700000 - 0x00007ff918890000 	C:\WINDOWS\System32\USER32.dll
0x00007ff915850000 - 0x00007ff915870000 	C:\WINDOWS\System32\win32u.dll
0x00007ff916bd0000 - 0x00007ff916bf8000 	C:\WINDOWS\System32\GDI32.dll
0x00007ff915a60000 - 0x00007ff915bf2000 	C:\WINDOWS\System32\gdi32full.dll
0x00007ff9157b0000 - 0x00007ff91584f000 	C:\WINDOWS\System32\msvcp_win.dll
0x00007ff9164f0000 - 0x00007ff9165ea000 	C:\WINDOWS\System32\ucrtbase.dll
0x00007ff90bc30000 - 0x00007ff90be99000 	C:\WINDOWS\WinSxS\amd64_microsoft.windows.common-controls_6595b64144ccf1df_6.0.17134.112_none_fb3f961b30681c12\COMCTL32.dll
0x00007ff9165f0000 - 0x00007ff916913000 	C:\WINDOWS\System32\combase.dll
0x00007ff915c00000 - 0x00007ff915c7a000 	C:\WINDOWS\System32\bcryptPrimitives.dll
0x00007ff9146e0000 - 0x00007ff9146ea000 	C:\WINDOWS\SYSTEM32\VERSION.dll
0x00007ff918160000 - 0x00007ff91818d000 	C:\WINDOWS\System32\IMM32.DLL
0x00007ff901750000 - 0x00007ff90183f000 	C:\Program Files\Java\jre-10.0.1\bin\msvcr120.dll
0x00007ff8fe270000 - 0x00007ff8fe316000 	C:\Program Files\Java\jre-10.0.1\bin\msvcp120.dll
0x0000000066010000 - 0x0000000066a80000 	C:\Program Files\Java\jre-10.0.1\bin\server\jvm.dll
0x00007ff918ac0000 - 0x00007ff918ac8000 	C:\WINDOWS\System32\PSAPI.DLL
0x00007ff9120f0000 - 0x00007ff9120f9000 	C:\WINDOWS\SYSTEM32\WSOCK32.dll
0x00007ff918ad0000 - 0x00007ff918b3c000 	C:\WINDOWS\System32\WS2_32.dll
0x00007ff912050000 - 0x00007ff912073000 	C:\WINDOWS\SYSTEM32\WINMM.dll
0x00007ff911f40000 - 0x00007ff911f6a000 	C:\WINDOWS\SYSTEM32\WINMMBASE.dll
0x00007ff9164a0000 - 0x00007ff9164e9000 	C:\WINDOWS\System32\cfgmgr32.dll
0x00007ff9120e0000 - 0x00007ff9120ef000 	C:\Program Files\Java\jre-10.0.1\bin\verify.dll
0x00007ff8fdec0000 - 0x00007ff8fe089000 	C:\WINDOWS\SYSTEM32\DBGHELP.DLL
0x00007ff8fdad0000 - 0x00007ff8fdaf9000 	C:\WINDOWS\SYSTEM32\dbgcore.DLL
0x00007ff910770000 - 0x00007ff910797000 	C:\Program Files\Java\jre-10.0.1\bin\java.dll
0x00007ff911b90000 - 0x00007ff911ba6000 	C:\Program Files\Java\jre-10.0.1\bin\zip.dll
0x00007ff9117f0000 - 0x00007ff9117fa000 	C:\Program Files\Java\jre-10.0.1\bin\jimage.dll
0x00007ff916c00000 - 0x00007ff918040000 	C:\WINDOWS\System32\SHELL32.dll
0x00007ff9183c0000 - 0x00007ff918469000 	C:\WINDOWS\System32\shcore.dll
0x00007ff915c80000 - 0x00007ff91638d000 	C:\WINDOWS\System32\windows.storage.dll
0x00007ff918040000 - 0x00007ff918091000 	C:\WINDOWS\System32\shlwapi.dll
0x00007ff9154f0000 - 0x00007ff915501000 	C:\WINDOWS\System32\kernel.appcore.dll
0x00007ff9154d0000 - 0x00007ff9154ef000 	C:\WINDOWS\System32\profapi.dll
0x00007ff915480000 - 0x00007ff9154cc000 	C:\WINDOWS\System32\powrprof.dll
0x00007ff915470000 - 0x00007ff91547a000 	C:\WINDOWS\System32\FLTLIB.DLL
0x00007ff910750000 - 0x00007ff91076a000 	C:\Program Files\Java\jre-10.0.1\bin\net.dll
0x00007ff90ead0000 - 0x00007ff90ebad000 	C:\WINDOWS\SYSTEM32\WINHTTP.dll
0x00007ff914cf0000 - 0x00007ff914d56000 	C:\WINDOWS\system32\mswsock.dll
0x00007ff910620000 - 0x00007ff910631000 	C:\Program Files\Java\jre-10.0.1\bin\nio.dll
0x00007ff8e4fd0000 - 0x00007ff8e516b000 	C:\Program Files\Java\jre-10.0.1\bin\awt.dll
0x00007ff918890000 - 0x00007ff918952000 	C:\WINDOWS\System32\OLEAUT32.dll
0x00007ff9129f0000 - 0x00007ff912fb7000 	C:\WINDOWS\SYSTEM32\d2d1.dll
0x00007ff9136a0000 - 0x00007ff91372b000 	C:\WINDOWS\SYSTEM32\apphelp.dll
0x00007ff9137d0000 - 0x00007ff913868000 	C:\WINDOWS\system32\uxtheme.dll
0x00007ff916920000 - 0x00007ff916a95000 	C:\WINDOWS\System32\MSCTF.dll
0x00007ff913ab0000 - 0x00007ff913ad9000 	C:\WINDOWS\system32\dwmapi.dll
0x00007ff9185a0000 - 0x00007ff9186f1000 	C:\WINDOWS\System32\ole32.dll
0x000001eeaacd0000 - 0x000001eeaacd3000 	C:\Program Files\Java\jre-10.0.1\bin\api-ms-win-core-console-l1-1-0.dll
0x000001eeaace0000 - 0x000001eeaace3000 	C:\Program Files\Java\jre-10.0.1\bin\api-ms-win-core-datetime-l1-1-0.dll
0x000001eeaacf0000 - 0x000001eeaacf3000 	C:\Program Files\Java\jre-10.0.1\bin\api-ms-win-core-debug-l1-1-0.dll
0x000001eeaad00000 - 0x000001eeaad03000 	C:\Program Files\Java\jre-10.0.1\bin\api-ms-win-core-errorhandling-l1-1-0.dll
0x000001eeaad10000 - 0x000001eeaad14000 	C:\Program Files\Java\jre-10.0.1\bin\api-ms-win-core-file-l1-1-0.dll
0x000001eeaad20000 - 0x000001eeaad23000 	C:\Program Files\Java\jre-10.0.1\bin\api-ms-win-core-file-l1-2-0.dll
0x000001eeaad30000 - 0x000001eeaad33000 	C:\Program Files\Java\jre-10.0.1\bin\api-ms-win-core-file-l2-1-0.dll
0x000001eeaad40000 - 0x000001eeaad43000 	C:\Program Files\Java\jre-10.0.1\bin\api-ms-win-core-handle-l1-1-0.dll
0x000001eeaad50000 - 0x000001eeaad53000 	C:\Program Files\Java\jre-10.0.1\bin\api-ms-win-core-heap-l1-1-0.dll
0x000001eeaae30000 - 0x000001eeaae33000 	C:\Program Files\Java\jre-10.0.1\bin\api-ms-win-core-interlocked-l1-1-0.dll
0x000001eeaae40000 - 0x000001eeaae43000 	C:\Program Files\Java\jre-10.0.1\bin\api-ms-win-core-libraryloader-l1-1-0.dll
0x000001eeaae50000 - 0x000001eeaae53000 	C:\Program Files\Java\jre-10.0.1\bin\api-ms-win-core-localization-l1-2-0.dll
0x000001eeaae60000 - 0x000001eeaae63000 	C:\Program Files\Java\jre-10.0.1\bin\api-ms-win-core-memory-l1-1-0.dll
0x000001eeaae70000 - 0x000001eeaae73000 	C:\Program Files\Java\jre-10.0.1\bin\api-ms-win-core-namedpipe-l1-1-0.dll
0x000001eeaae80000 - 0x000001eeaae83000 	C:\Program Files\Java\jre-10.0.1\bin\api-ms-win-core-processenvironment-l1-1-0.dll
0x000001eeaae90000 - 0x000001eeaae93000 	C:\Program Files\Java\jre-10.0.1\bin\api-ms-win-core-processthreads-l1-1-0.dll
0x000001eeaaea0000 - 0x000001eeaaea3000 	C:\Program Files\Java\jre-10.0.1\bin\api-ms-win-core-processthreads-l1-1-1.dll
0x000001eeaaeb0000 - 0x000001eeaaeb3000 	C:\Program Files\Java\jre-10.0.1\bin\api-ms-win-core-profile-l1-1-0.dll
0x000001eeaaec0000 - 0x000001eeaaec3000 	C:\Program Files\Java\jre-10.0.1\bin\api-ms-win-core-rtlsupport-l1-1-0.dll
0x000001eeaaed0000 - 0x000001eeaaed3000 	C:\Program Files\Java\jre-10.0.1\bin\api-ms-win-core-string-l1-1-0.dll
0x000001eeaaee0000 - 0x000001eeaaee3000 	C:\Program Files\Java\jre-10.0.1\bin\api-ms-win-core-synch-l1-1-0.dll
0x000001eeaaef0000 - 0x000001eeaaef3000 	C:\Program Files\Java\jre-10.0.1\bin\api-ms-win-core-synch-l1-2-0.dll
0x000001eeaaf00000 - 0x000001eeaaf03000 	C:\Program Files\Java\jre-10.0.1\bin\api-ms-win-core-sysinfo-l1-1-0.dll
0x000001eeaaf10000 - 0x000001eeaaf13000 	C:\Program Files\Java\jre-10.0.1\bin\api-ms-win-core-timezone-l1-1-0.dll
0x000001eeaaf20000 - 0x000001eeaaf23000 	C:\Program Files\Java\jre-10.0.1\bin\api-ms-win-core-util-l1-1-0.dll
0x000001eeaaf30000 - 0x000001eeaaf33000 	C:\Program Files\Java\jre-10.0.1\bin\api-ms-win-crt-conio-l1-1-0.dll
0x000001eeaaf40000 - 0x000001eeaaf44000 	C:\Program Files\Java\jre-10.0.1\bin\api-ms-win-crt-convert-l1-1-0.dll
0x000001eeaaf50000 - 0x000001eeaaf53000 	C:\Program Files\Java\jre-10.0.1\bin\api-ms-win-crt-environment-l1-1-0.dll
0x000001eeaaf60000 - 0x000001eeaaf63000 	C:\Program Files\Java\jre-10.0.1\bin\api-ms-win-crt-filesystem-l1-1-0.dll
0x000001eeaaf70000 - 0x000001eeaaf73000 	C:\Program Files\Java\jre-10.0.1\bin\api-ms-win-crt-heap-l1-1-0.dll
0x000001eeaaf80000 - 0x000001eeaaf83000 	C:\Program Files\Java\jre-10.0.1\bin\api-ms-win-crt-locale-l1-1-0.dll
0x000001eeaaf90000 - 0x000001eeaaf95000 	C:\Program Files\Java\jre-10.0.1\bin\api-ms-win-crt-math-l1-1-0.dll
0x000001eeaafa0000 - 0x000001eeaafa5000 	C:\Program Files\Java\jre-10.0.1\bin\api-ms-win-crt-multibyte-l1-1-0.dll
0x000001eeaafb0000 - 0x000001eeaafc0000 	C:\Program Files\Java\jre-10.0.1\bin\api-ms-win-crt-private-l1-1-0.dll
0x000001eeaafc0000 - 0x000001eeaafc3000 	C:\Program Files\Java\jre-10.0.1\bin\api-ms-win-crt-process-l1-1-0.dll
0x000001eeaafd0000 - 0x000001eeaafd4000 	C:\Program Files\Java\jre-10.0.1\bin\api-ms-win-crt-runtime-l1-1-0.dll
0x000001eeaafe0000 - 0x000001eeaafe4000 	C:\Program Files\Java\jre-10.0.1\bin\api-ms-win-crt-stdio-l1-1-0.dll
0x000001eeaaff0000 - 0x000001eeaaff4000 	C:\Program Files\Java\jre-10.0.1\bin\api-ms-win-crt-string-l1-1-0.dll
0x000001eeab000000 - 0x000001eeab003000 	C:\Program Files\Java\jre-10.0.1\bin\api-ms-win-crt-time-l1-1-0.dll
0x000001eeab010000 - 0x000001eeab013000 	C:\Program Files\Java\jre-10.0.1\bin\api-ms-win-crt-utility-l1-1-0.dll
0x00007ff8fc390000 - 0x00007ff8fc486000 	C:\Program Files\Java\jre-10.0.1\bin\ucrtbase.dll
0x00007ff901700000 - 0x00007ff901716000 	C:\Program Files\Java\jre-10.0.1\bin\vcruntime140.dll
0x00007ff8f8ee0000 - 0x00007ff8f8f7c000 	C:\Program Files\Java\jre-10.0.1\bin\msvcp140.dll
0x00007ff8fe550000 - 0x00007ff8fe5a1000 	C:\Program Files\Java\jre-10.0.1\bin\concrt140.dll
0x00007ff901530000 - 0x00007ff901553000 	C:\Program Files\Java\jre-10.0.1\bin\prism_d3d.dll
0x00007ff8cff40000 - 0x00007ff8d00d7000 	C:\WINDOWS\system32\d3d9.dll
0x00007ff8fae80000 - 0x00007ff8faeca000 	C:\Program Files\Java\jre-10.0.1\bin\glass.dll
0x00007ff9182d0000 - 0x00007ff9183bd000 	C:\WINDOWS\System32\COMDLG32.dll
0x00007ff8fc370000 - 0x00007ff8fc384000 	C:\Program Files\Java\jre-10.0.1\bin\javafx_font.dll
0x00007ff8f7ba0000 - 0x00007ff8f7c05000 	C:\Program Files\Java\jre-10.0.1\bin\fontmanager.dll
0x00007ff8fdb00000 - 0x00007ff8fde1c000 	C:\WINDOWS\SYSTEM32\dwrite.dll
0x00007ff918a20000 - 0x00007ff918ac0000 	C:\WINDOWS\System32\clbcatq.dll
0x00007ff910fc0000 - 0x00007ff91116e000 	C:\WINDOWS\SYSTEM32\WindowsCodecs.dll
0x00007ff8f6f70000 - 0x00007ff8f6fc8000 	C:\WINDOWS\system32\dataexchange.dll
0x00007ff9126e0000 - 0x00007ff9129eb000 	C:\WINDOWS\system32\d3d11.dll
0x00007ff912fc0000 - 0x00007ff91315c000 	C:\WINDOWS\system32\dcomp.dll
0x00007ff914100000 - 0x00007ff9141bb000 	C:\WINDOWS\system32\dxgi.dll
0x00007ff913bf0000 - 0x00007ff913da8000 	C:\WINDOWS\system32\twinapi.appcore.dll
0x00007ff913b90000 - 0x00007ff913bb1000 	C:\WINDOWS\system32\RMCLIENT.dll
0x00007ff8f9370000 - 0x00007ff8f93a4000 	C:\Program Files\Common Files\Microsoft Shared\Ink\rtscom.dll
0x00007ff9028b0000 - 0x00007ff902948000 	C:\WINDOWS\System32\TextInputFramework.dll
0x00007ff910a00000 - 0x00007ff910d1e000 	C:\WINDOWS\System32\CoreUIComponents.dll
0x00007ff9134a0000 - 0x00007ff91357a000 	C:\WINDOWS\System32\CoreMessaging.dll
0x00007ff914430000 - 0x00007ff914461000 	C:\WINDOWS\SYSTEM32\ntmarta.dll
0x00007ff911530000 - 0x00007ff91167d000 	C:\WINDOWS\SYSTEM32\wintypes.dll
0x00007ff914ab0000 - 0x00007ff914b6e000 	C:\WINDOWS\SYSTEM32\DNSAPI.dll
0x00007ff9180a0000 - 0x00007ff9180a8000 	C:\WINDOWS\System32\NSI.dll
0x00007ff914a70000 - 0x00007ff914aa8000 	C:\WINDOWS\SYSTEM32\IPHLPAPI.DLL
0x00007ff90f1a0000 - 0x00007ff90f1aa000 	C:\Windows\System32\rasadhlp.dll
0x00007ff90b130000 - 0x00007ff90b1a2000 	C:\WINDOWS\System32\fwpuclnt.dll
0x00007ff914fd0000 - 0x00007ff914ff5000 	C:\WINDOWS\SYSTEM32\bcrypt.dll

dbghelp: loaded successfully - version: 4.0.5 - missing functions: none
symbol engine: initialized successfully - sym options: 0x614 - pdb path: .;C:\Program Files\Java\jre-10.0.1\bin;C:\WINDOWS\SYSTEM32;C:\Program Files\AVAST Software\Avast\x64;C:\WINDOWS\WinSxS\amd64_microsoft.windows.common-controls_6595b64144ccf1df_6.0.17134.112_none_fb3f961b30681c12;C:\Program Files\Java\jre-10.0.1\bin\server;C:\Program Files\Common Files\Microsoft Shared\Ink

VM Arguments:
jvm_args: -ea -Dfile.encoding=Cp1250 
java_command: org.eclipse.jdt.internal.junit.runner.RemoteTestRunner -version 3 -port 55633 -testLoaderClass org.eclipse.jdt.internal.junit5.runner.JUnit5TestLoader -loaderpluginname org.eclipse.jdt.junit5.runtime -classNames test.ControllerUserTest
java_class_path (initial): C:\Users\Hycom\gitrepso\Warcaby\WarcClient\bin;C:\Users\Hycom\Downloads\eclipse\plugins\org.junit.jupiter.api_5.0.0.v20170910-2246.jar;C:\Users\Hycom\Downloads\eclipse\plugins\org.junit.jupiter.engine_5.0.0.v20170910-2246.jar;C:\Users\Hycom\Downloads\eclipse\plugins\org.junit.jupiter.migrationsupport_5.0.0.v20170910-2246.jar;C:\Users\Hycom\Downloads\eclipse\plugins\org.junit.jupiter.params_5.0.0.v20170910-2246.jar;C:\Users\Hycom\Downloads\eclipse\plugins\org.junit.platform.commons_1.0.0.v20170910-2246.jar;C:\Users\Hycom\Downloads\eclipse\plugins\org.junit.platform.engine_1.0.0.v20170910-2246.jar;C:\Users\Hycom\Downloads\eclipse\plugins\org.junit.platform.launcher_1.0.0.v20170910-2246.jar;C:\Users\Hycom\Downloads\eclipse\plugins\org.junit.platform.runner_1.0.0.v20170910-2246.jar;C:\Users\Hycom\Downloads\eclipse\plugins\org.junit.platform.suite.api_1.0.0.v20170910-2246.jar;C:\Users\Hycom\Downloads\eclipse\plugins\org.junit.vintage.engine_4.12.0.v20170910-2246.jar;C:\Users\Hycom\Downloads\eclipse\plugins\org.opentest4j_1.0.0.v20170910-2246.jar;C:\Users\Hycom\Downloads\eclipse\plugins\org.apiguardian_1.0.0.v20170910-2246.jar;C:\Users\Hycom\Downloads\eclipse\plugins\org.junit_4.12.0.v201504281640\junit.jar;C:\Users\Hycom\Downloads\eclipse\plugins\org.hamcrest.core_1.3.0.v201303031735.jar;C:\Users\Hycom\Downloads\eclipse\configuration\org.eclipse.osgi\414\0\.cp;C:\Users\Hycom\Downloads\eclipse\configuration\org.eclipse.osgi\412\0\.cp
Launcher Type: SUN_STANDARD

Logging:
Log output configuration:
#0: stdout all=warning uptime,level,tags
#1: stderr all=off uptime,level,tags

Environment Variables:
PATH=C:\Program Files (x86)\Common Files\Oracle\Java\javapath;C:\ProgramData\Oracle\Java\javapath;C:\WINDOWS\system32;C:\WINDOWS;C:\WINDOWS\System32\Wbem;C:\WINDOWS\System32\WindowsPowerShell\v1.0\;C:\Program Files\OpenVPN\bin;C:\Program Files (x86)\Windows Live\Shared;C:\Program Files (x86)\Calibre2\;C:\Program Files\PuTTY\;C:\Program Files (x86)\OpenConnect;C:\Program Files\Git\cmd;;C:\WINDOWS\System32\OpenSSH\;C:\Program Files\Java\jdk1.8.0_161\bin;C:\Users\Hycom\AppData\Local\Microsoft\WindowsApps;C:\Users\Hycom\AppData\Local\GitHubDesktop\bin;%USERPROFILE%\AppData\Local\Microsoft\WindowsApps;
USERNAME=Hycom
OS=Windows_NT
PROCESSOR_IDENTIFIER=Intel64 Family 6 Model 69 Stepping 1, GenuineIntel



---------------  S Y S T E M  ---------------

OS: Windows 10 , 64 bit Build 17134 (10.0.17134.1)

CPU:total 4 (initial active 4) (2 cores per cpu, 2 threads per core) family 6 model 69 stepping 1, cmov, cx8, fxsr, mmx, sse, sse2, sse3, ssse3, sse4.1, sse4.2, popcnt, avx, avx2, aes, clmul, erms, lzcnt, ht, tsc, tscinvbit, bmi1, bmi2, fma

Memory: 4k page, physical 8291712k(4121704k free), swap 9602432k(4596912k free)

vm_info: Java HotSpot(TM) 64-Bit Server VM (10.0.1+10) for windows-amd64 JRE (10.0.1+10), built on Mar 27 2018 02:27:48 by "mach5one" with MS VC++ 12.0 (VS2013)

END.
